[I 2025-12-03 18:40:22,561] Trial 1 finished with value: 1.6518440124435156 and parameters: {'max_depth': 5, 'num_leaves': 11, 'colsample_bytree': 0.9188495657956519, 'learning_rate': 0.04081267807585481, 'n_estimators': 930, 'min_child_samples': 35, 'reg_alpha': 0.6042771566688334, 'reg_lambda': 0.020408724526658886}. Best is trial 0 with value: 1.5761768131871072.
[I 2025-12-03 18:40:47,074] Trial 2 finished with value: 1.6054385216051439 and parameters: {'max_depth': 5, 'num_leaves': 8, 'colsample_bytree': 0.826369742737314, 'learning_rate': 0.01967777329068635, 'n_estimators': 1572, 'min_child_samples': 35, 'reg_alpha': 0.2767555937516637, 'reg_lambda': 0.013368388522851094}. Best is trial 0 with value: 1.5761768131871072.
[I 2025-12-03 18:41:05,816] Trial 3 finished with value: 1.5620128016611996 and parameters: {'max_depth': 2, 'num_leaves': 7, 'colsample_bytree': 0.9008616399055873, 'learning_rate': 0.007312587358074399, 'n_estimators': 1884, 'min_child_samples': 29, 'reg_alpha': 2.7359510551095116, 'reg_lambda': 0.049467076119721114}. Best is trial 3 with value: 1.5620128016611996.
[I 2025-12-03 18:41:21,485] Trial 4 finished with value: 1.580602413674975 and parameters: {'max_depth': 2, 'num_leaves': 5, 'colsample_bytree': 0.9182159979367279, 'learning_rate': 0.017456580550588078, 'n_estimators': 1444, 'min_child_samples': 29, 'reg_alpha': 0.6563548198200296, 'reg_lambda': 0.03185999233857881}. Best is trial 3 with value: 1.5620128016611996.
    Best Oracle Error Log Loss for COHORT_METADATA_AND_FLAGS: 1.5620

  - Tuning Head: COHORT_CONSOLIDATED_SPECIALIST (5 trials) on Weighted Oracle Error...
[I 2025-12-03 18:41:21,488] A new study created in memory with name: no-name-27850c07-7d9b-406b-98ab-4ad57287a0f2
[I 2025-12-03 18:41:55,589] Trial 0 finished with value: 1.6776581880174095 and parameters: {'max_depth': 6, 'num_leaves': 25, 'colsample_bytree': 0.6981840233814895, 'learning_rate': 0.038252588012035606, 'n_estimators': 1163, 'min_child_samples': 38, 'reg_alpha': 0.23971038891833485, 'reg_lambda': 0.06600729354790597}. Best is trial 0 with value: 1.6776581880174095.
[I 2025-12-03 18:42:20,552] Trial 1 finished with value: 1.2151450537126929 and parameters: {'max_depth': 4, 'num_leaves': 17, 'colsample_bytree': 0.5592491287901147, 'learning_rate': 0.01248226409520581, 'n_estimators': 882, 'min_child_samples': 20, 'reg_alpha': 1.0407500886747088, 'reg_lambda': 0.2964332417726221}. Best is trial 1 with value: 1.2151450537126929.
[I 2025-12-03 18:43:08,776] Trial 2 finished with value: 1.4956858467557206 and parameters: {'max_depth': 8, 'num_leaves': 22, 'colsample_bytree': 0.6187548357572834, 'learning_rate': 0.020947565055509966, 'n_estimators': 1083, 'min_child_samples': 29, 'reg_alpha': 0.11304132197652732, 'reg_lambda': 1.817009174220944}. Best is trial 1 with value: 1.2151450537126929.
[I 2025-12-03 18:43:47,821] Trial 3 finished with value: 1.56268735143857 and parameters: {'max_depth': 8, 'num_leaves': 39, 'colsample_bytree': 0.7593071492613788, 'learning_rate': 0.02645482753864101, 'n_estimators': 1061, 'min_child_samples': 49, 'reg_alpha': 0.3514297310622113, 'reg_lambda': 0.012220871106529673}. Best is trial 1 with value: 1.2151450537126929.
[I 2025-12-03 18:44:23,038] Trial 4 finished with value: 1.4560379263192478 and parameters: {'max_depth': 8, 'num_leaves': 33, 'colsample_bytree': 0.717828523673916, 'learning_rate': 0.02449894942060184, 'n_estimators': 700, 'min_child_samples': 23, 'reg_alpha': 0.3847011036325007, 'reg_lambda': 0.0532956260398464}. Best is trial 1 with value: 1.2151450537126929.
    Best Oracle Error Log Loss for COHORT_CONSOLIDATED_SPECIALIST: 1.2151

Phase A Complete. All heads individually tuned on weighted error target.

--- Phase E (v3.9): Forging & Analyzing 10 'Anti-Oracle' Heads ---
  - Training head classifier: COHORT_PUBLIC_AMENITY on 46 specialist features
    - Analyzing head for top 10 specialist features...
  - Training head classifier: COHORT_AGRI_ENVIRONMENTAL_SCHEMES on 48 specialist features
    - Analyzing head for top 10 specialist features...
  - Training head classifier: COHORT_TOPOGRAPHY_AND_ACCESS on 4 specialist features
    - Analyzing head for top 10 specialist features...
  - Training head classifier: COHORT_LPA_ALL on 42 specialist features
    - Analyzing head for top 10 specialist features...
  - Training head classifier: COHORT_GRID_ALL on 145 specialist features
    - Analyzing head for top 10 specialist features...
  - Training head classifier: COHORT_ENV_ALL on 125 specialist features
    - Analyzing head for top 10 specialist features...
  - Training head classifier: COHORT_SOCIO_ECONOMIC_ALL on 39 specialist features
    - Analyzing head for top 10 specialist features...
  - Training head classifier: COHORT_NATIONAL_PROXY_ALL on 41 specialist features
    - Analyzing head for top 10 specialist features...
  - Training head classifier: COHORT_METADATA_AND_FLAGS on 6 specialist features
    - Analyzing head for top 10 specialist features...
  - Training head classifier: COHORT_CONSOLIDATED_SPECIALIST on 49 specialist features
    - Analyzing head for top 10 specialist features...

  Residual Correction heads and top-feature intelligence persisted to C:\Users\brand\Desktop\renewables\data\artifacts\modeling_outputs\specialist_gm_solar_v3.5_refactored\heads_v3.5_final_gm_solar

--- Generating head probabilities for all data splits ---
  - Forging feature matrix for Ridge Arbiter...
  - Forging feature matrix for Ridge Arbiter...
  - Forging feature matrix for Ridge Arbiter...

--- Phase G: Tuning & Training Final LightGBM Arbiter ---
[I 2025-12-03 18:45:34,729] A new study created in memory with name: no-name-3ea009bb-015c-4afd-95b5-1256170b0c1d
[I 2025-12-03 18:45:37,649] Trial 0 finished with value: 66.16165863388896 and parameters: {'n_estimators': 3467, 'learning_rate': 0.001047862092596915, 'max_depth': 6, 'num_leaves': 55, 'colsample_bytree': 0.5311073997825887, 'subsample': 0.6490888585789057, 'reg_alpha': 7.823947340781246, 'reg_lambda': 2.2005594490604703}. Best is trial 0 with value: 66.16165863388896.
[I 2025-12-03 18:45:40,716] Trial 1 finished with value: 65.79148296548912 and parameters: {'n_estimators': 4798, 'learning_rate': 0.0018437715974162227, 'max_depth': 5, 'num_leaves': 17, 'colsample_bytree': 0.49771526857304993, 'subsample': 0.8294264365096609, 'reg_alpha': 1.9587014234950344, 'reg_lambda': 3.8917928242874416}. Best is trial 1 with value: 65.79148296548912.
[I 2025-12-03 18:45:45,333] Trial 2 finished with value: 65.36812540380606 and parameters: {'n_estimators': 4435, 'learning_rate': 0.015933249382821035, 'max_depth': 6, 'num_leaves': 53, 'colsample_bytree': 0.5321505946067198, 'subsample': 0.8986835576285632, 'reg_alpha': 3.7652731855676254, 'reg_lambda': 7.307490200386955}. Best is trial 2 with value: 65.36812540380606.
[I 2025-12-03 18:45:48,176] Trial 3 finished with value: 65.95781429720842 and parameters: {'n_estimators': 2880, 'learning_rate': 0.005128584379947837, 'max_depth': 6, 'num_leaves': 47, 'colsample_bytree': 0.6678437719939161, 'subsample': 0.8366277096599046, 'reg_alpha': 5.000336414895792, 'reg_lambda': 1.7249334741065632}. Best is trial 2 with value: 65.36812540380606.
[I 2025-12-03 18:45:49,669] Trial 4 finished with value: 65.84515707220098 and parameters: {'n_estimators': 4250, 'learning_rate': 0.005773962624757238, 'max_depth': 3, 'num_leaves': 57, 'colsample_bytree': 0.49725594427206293, 'subsample': 0.6440790164942073, 'reg_alpha': 2.579158951980919, 'reg_lambda': 6.297791028671132}. Best is trial 2 with value: 65.36812540380606.
  - Arbiter tuning complete. Best Validation RMSE: 65.3681
  - Retraining final Arbiter on combined train+validation data...
  - Final LightGBM Arbiter trained.

========================================================
EXECUTING SOLAR SPECIALIST CASCADE (Techno-Type 21 Only)
========================================================

--- Phase H: Forging Solar Bridge (Feature Compression with Signal Protection) ---
  - Training Probe Model to identify Top Solar Signals on 2019 samples...
  - Protected Features (Raw Pass-Through): ['mounting_type_for_solar', 'technology_type', 'installed_capacity_mwelec', 'SIC_POLICY_REGIME_ID', 'lpa_major_commercial_approval_rate', 'winter_nameplate_loading_pct', 'lpa_workload_trend', 'SIC_GRID_QUEUE_FRICTION', 'SIC_LPA_POLITICAL_VOLATILITY']
  - Top 39 Features (Raw Pass-Through)
  - Compressing 608 features into 10 PCA components...
  - Solar Bridge Forged. Output Shape: (2019, 58)
  - Injecting Consolidated Specialist Features (All Directives) into Solar Bridge...
  - Solar Bridge Artifacts (PCA, Scaler, Features) persisted to C:\Users\brand\Desktop\renewables\data\artifacts\modeling_outputs\specialist_gm_solar_v3.5_refactored
Shape of X_train_solar_comp: (2019, 114)

--- Phase I: Training Solar Residual Specialist ---
  - Solar Residual Specialist Trained.

--- Phase J: Training Robust Stratified Capacity Residual Models ---
  - Stratum Micro_0_1: 966 samples.
  - Stratum Small_1_5: 369 samples.
  - Stratum Mid_5_10: 332 samples.
  - Stratum Mid_10_15: 92 samples.
  - Stratum Mid_15_20: 55 samples.
  - Stratum Large_20_30: 74 samples.
  - Stratum Large_30_40: 31 samples.
  - Stratum Large_40_50: 96 samples.
  - Stratum Major_50_100: 4 samples.
    WARNING: Insufficient data for Major_50_100. Skipping.
  - Stratum Major_100_Plus: 0 samples.
    WARNING: Insufficient data for Major_100_Plus. Skipping.
  - Solar Stratified Models & Bins persisted to C:\Users\brand\Desktop\renewables\data\artifacts\modeling_outputs\specialist_gm_solar_v3.5_refactored\solar_stratified_models_v3.5.joblib

==========================================================
EXECUTING GROUND MOUNT SPECIALIST CASCADE (Mount Type 1)
==========================================================
  - Injecting V16 Consolidated Specialist Features into GM Training Data...
  - Injecting V16 Consolidated Specialist Features into GM Test Data...
  - Isolated 1053 GM Training Samples
  - Constructing Feature Matrix for GM Specialist (Base + V16 FIs)...
    - Final GM Specialist Feature Matrix Shape: (1053, 116)
--- Calculating Data Maturity Weights (Anti-Recency Bias) ---
  - Reference Date for weighting: 2025-07-21
  - Weight Distribution: Mean=0.97, Min=0.10
  - Training GM Specialist on 116 features with Maturity Weights...

--- Phase K: Training Stratified Ground Mount Specialist ---
GM HEADER                                                     mounting_type_for_solar  technology_type  ...  SIC_GM_GRID_DEATH_ZONE_INTERACTION  SIC_GM_GRID_GAP_IMPEDANCE_RISK_IND
amaryllis_id                                                                                  ...
e86bc6d2ca956701be65a5b6de21f4765934420de799131...                      1.0             21.0  ...                                   0                            6.513026
06691923a7402ca242f6e09325a8cec2cc69514cfcd18d4...                      1.0             21.0  ...                                   0                           24.387317
003ef5e142c724bd94faab89bb2222645b73e107f39b13c...                      1.0             21.0  ...                                   0                            0.684900
70649e8f167e4f3cc2930f5b0051e659b1ebfc4bebdd85d...                      1.0             21.0  ...                                   0                            1.031512
a2a399a231ffbbaa4892cb1daccef2d0e04d58b9dbbac2a...                      1.0             21.0  ...                                   0                            6.202453

[5 rows x 116 columns]
  - GM Stratum Micro_0_1: 106 samples.
  - GM Stratum Small_1_5: 272 samples.
  - GM Stratum Mid_5_10: 322 samples.
  - GM Stratum Mid_10_15: 92 samples.
  - GM Stratum Mid_15_20: 55 samples.
  - GM Stratum Large_20_30: 74 samples.
  - GM Stratum Large_30_40: 31 samples.
  - GM Stratum Large_40_50: 96 samples.
  - GM Stratum Major_50_100: 4 samples.
    WARNING: Insufficient data for Major_50_100. Skipping.
  - GM Stratum Major_100_Plus: 0 samples.
    WARNING: Insufficient data for Major_100_Plus. Skipping.
  - Stratified Ground Mount Specialist Trained.

--- Phase L: Training Ground Mount Scale Corrector ---
  - Scale Corrector trained on 5 continuous features.
  - GM Scale Corrector persisted to C:\Users\brand\Desktop\renewables\data\artifacts\modeling_outputs\specialist_gm_solar_v3.5_refactored\gm_stratified_models_v3.5.joblib

--- Synthesizing Final Ground Mount Solar Predictions ---
  - Final Prediction Vector Shape: (119,)

--- DEBUG: Exporting Feature Matrices to C:\Users\brand\Desktop\renewables\data\artifacts\modeling_outputs\specialist_gm_solar_v3.5_refactored\debug_exports ---
  - Saving X_train_gm_final ((1053, 116))...
    [WARNING] NaNs detected in X_train_gm_final:
mounting_type_for_solar                             1
technology_type                                     1
installed_capacity_mwelec                           1
SIC_POLICY_REGIME_ID                                1
lpa_major_commercial_approval_rate                  1
winter_nameplate_loading_pct                        1
lpa_workload_trend                                  1
SIC_GRID_QUEUE_FRICTION                             1
SIC_LPA_POLITICAL_VOLATILITY                        1
knn_duration_mean_gcv                               1
lpa_planning_time_bin_mean                          1
SIC_GRID_PHYSICS_STIFFNESS_RISK_IND                 1
lpa_planning_time_bin_median                        1
SIC_LPA_QUEUE_RELATIVE_SCALE                        1
SIC_LPA_PRECEDENT_UNCERTAINTY                       1
ltds_years_to_nearest_completion                    1
lpa_planning_time_bin_std                           1
knn_duration_variance_gcv                           1
lpa_planning_time_bin_max                           1
SIC_GRID_QUEUE_PRESSURE_PROXY                       1
unutilised_capacity_pct                             1
sec_sub_gov_area_sqm                                1
SIC_SYNTH_GRID_REALITY_GAP                          1
SIC_NAT_QUEUE_LATENCY_RISK                          1
ohl_33kv_nearest_primary_substation_dist_ratio      1
SIC_CO_LOCATION_COMPLEXITY                          1
days_to_next_general_election                       1
SIC_LPA_ROLLING_VOLUME_180D                         1
knn_anomaly_score_gcv                               1
alc_grade_at_site                                   1
knn_count_solar                                     1
SIC_ECO_IRZ_PROXY_RATIO                             1
sic_greenbelt_pressure_cooker                       1
der_sub1mw_capacity_density_mw_5km                  1
pct_area_industrial_commercial_1km                  1
SIC_IMPACT_HIGH_VOLTAGE_CHARACTER                   1
SIC_CONTEXT_ISOLATION_ANOMALY                       1
ltds_count_reinforcement_in_10km                    1
ph_priority_area_pct_in_10km                        1
primary_sub_downstream_earliest_constraint_year     1
sec_sub_gov_utilisation_pct                         1
SIC_GRID_TOPOLOGY_CONNECTION_DELTA                  1
SIC_CAPACITY_X_URBAN_DENIAL                         1
ohl_132kv_dist_to_nearest_corridor_m                1
dlv_connection_path_intersection_count              1
SIC_GM_AMPERAGE_STRESS_INDEX_IND                    1
der_total_capacity_density_mw_10km                  1
SIC_NAT_QUEUE_MOMENTUM_MW                           1
PCA_0                                               1
PCA_1                                               1
PCA_2                                               1
PCA_3                                               1
PCA_4                                               1
PCA_5                                               1
PCA_6                                               1
PCA_7                                               1
PCA_8                                               1
PCA_9                                               1
SIC_GM_SATURATION_EXP_SMALL                        11
dtype: int64
  - Saving X_train_solar_comp ((2019, 114))...
--- DEBUG: Export Complete ---


--- Phase M: Training Terminal Calibrator (The Truth-Teller) ---
  - Terminal Calibrator Trained.
  - Terminal Calibrator persisted to C:\Users\brand\Desktop\renewables\data\artifacts\modeling_outputs\specialist_gm_solar_v3.5_refactored\terminal_calibrator_v3.5.joblib
--- v4.8 GROUND MOUNT SPECIALIST Final Performance ---
  RMSE (Days): 127.2663
  MAE (Days):  107.3003
  R-squared:   -0.2596
  Test N:      119


--- REMEDIATION COMPLETE. Initial performance dossier saved to C:\Users\brand\Desktop\renewables\data\artifacts\modeling_outputs\specialist_gm_solar_v3.5_refactored\Amaryllis_v3.5_Diagnostic_Dossier.md


--- EXECUTING DIRECTIVE AD-AM-18: The Diagnostic Gauntlet ---

--- Diagnostic Phase 3: Systematic Bias Investigation ---
  Residuals plot saved to C:\Users\brand\Desktop\renewables\data\artifacts\modeling_outputs\specialist_gm_solar_v3.5_refactored\residuals_vs_predicted_v3.3.png

--- Diagnostic Phase 4: Feature Engineering Hypothesis Report ---

--- Diagnostic Phase 5: All-Heads Granular SHAP Analysis ---
  - Analyzing head: COHORT_AGRI_ENVIRONMENTAL_SCHEMES
  - Analyzing head: COHORT_CONSOLIDATED_SPECIALIST
  - Analyzing head: COHORT_ENV_ALL
  - Analyzing head: COHORT_GRID_ALL
  - Analyzing head: COHORT_LPA_ALL
  - Analyzing head: COHORT_METADATA_AND_FLAGS
  - Analyzing head: COHORT_NATIONAL_PROXY_ALL
  - Analyzing head: COHORT_PUBLIC_AMENITY
  - Analyzing head: COHORT_SOCIO_ECONOMIC_ALL
  - Analyzing head: COHORT_TOPOGRAPHY_AND_ACCESS
    ! SHAP analysis failed for COHORT_TOPOGRAPHY_AND_ACCESS: index 4 is out of bounds for axis 1 with size 4


--- EXECUTING DIRECTIVE AD-AM-31: The Forensic Diagnostic Gauntlet ---

--- Diagnostic Phase 7: Expert Correlation Analysis ---
  - Generated expert correlation heatmap: C:\Users\brand\Desktop\renewables\data\artifacts\modeling_outputs\specialist_gm_solar_v3.5_refactored\expert_correlation_heatmap.png

--- Diagnostic Phase 8: Performance Stratification Report ---

  -- Performance by Project Scale (installed_capacity_mwelec) --
scale_quartile
0    101.778482
1    136.623509
2    114.728745
3    150.305141

  -- Performance by LPA Toughness (lpa_major_commercial_approval_rate) --
lpa_quartile
0    130.427480
1    141.054681
2    102.475820
3    131.102802
(base) PS C:\Users\brand\Desktop\renewables>