(base) PS C:\Users\brand\Desktop\renewables>  c:; cd 'c:\Users\brand\Desktop\renewables'; & 'c:\Users\brand\AppData\Local\Programs\Python\Python313\python.exe' 'c:\Users\brand\.vscode\extensions\ms-python.debugpy-2025.16.0-win32-x64\bundled\libs\debugpy\launcher' '57944' '--' 'c:\Users\brand\Desktop\renewables\scripts\3_step_3.22_test.py'
--- EXECUTING DIRECTIVE AD-AM-17: Remediation of the Log-Transform Catastrophe ---
--- Phase 1: Data Ingestion & Sanitization ---
Purged 8 metadata columns.
Removed 209 features with 100% missing values.
  - WARNING: 'lpa_name' missing. Attempting forensic reconstruction from OHE columns...
  - CRITICAL WARNING: Could not reconstruct 'lpa_name'. Downstream queue metrics may fail.
  - Applying Capacity Outlier Filter (> 75MW)...
  - Removed 326 samples with capacity > 75MW.
Phase 1 Complete. Sanitized feature matrix shape: (2848, 433)
--- Engineering Input-Only LPA Congestion Metrics ---
  - Pre-split Temporal, Congestion, BESS & Tower Engineering Complete.
  - Pre-split Temporal, Congestion, BESS, Tower & Infra Crossing Engineering Complete.
  - Pre-split Temporal, Congestion, BESS, Tower, Infra & Ecological Engineering Complete.
  - Pre-split Temporal, Congestion, BESS, Tower, Infra, Eco & Demographic Engineering Complete.
  - Pre-split Temporal, Congestion, BESS, Tower, Infra, Eco, Demo & Physical Footprint Engineering Complete.
--- Engineering Stratified Ecological Drag Features ---
  - Pre-split Temporal, Congestion, BESS, Tower, Infra, Eco, Demo, Physical, Shield & Eco-Drag Engineering Complete.
--- Engineering Input-Only Temporal Velocity ---
--- Engineering National Grid Congestion Metrics ---
  - Pre-split Temporal (Velocity) & National Queue Engineering Complete.

--- Phase 0b: Identifying Unlearnable Samples via OOF Error Analysis (Threshold: >900 days) ---
  - Processing fold 1/5...
  - Processing fold 2/5...
  - Processing fold 3/5...
  - Processing fold 4/5...
  - Processing fold 5/5...
  - Analysis Complete. Identified 0 potentially unlearnable samples.
  Data split complete: Train (2434), Validation (129), Test (285)

--- Engineering LPA Risk Features (Bayesian Smoothing) ---
  - Generated 5 Bayesian Features. Sample check: 132.8837304847987
--- Engineering Friction Matrix Features (Directive 006) ---
  SUCCESS: All 19 Bayesian/Friction features present before purge.
  VERIFIED: Bayesian Features survived the purge.

--- Phase 0: Tuning & Forging Global Oracle (Train-Set Only) ---
  [CONFIRMED] 2 Bayesian Features detected in Phase 0 Input.
  Example: LPA_Bayesian_Mean_Duration mean value: 132.8837
ORACLE FEATURE COUNT: 590
ORACLE FEATURES (Sample):
  - technology_type, installed_capacity_mwelec, chp_enabled, mounting_type_for_solar, easting_x
  - northing_x, submission_year, submission_day, submission_month_sin, submission_month_cos
  - total_applications_received, total_applications_withdrawn, total_enforcement_actions, lpa_withdrawal_rate, lpa_avg_yearly_workload
  - lpa_total_experience, lpa_workload_trend, lpa_major_commercial_approval_rate, lpa_major_decision_compliance_rate, lpa_approval_rate_cps2
  - lpa_avg_decision_days, lpa_decision_speed_variance, lpa_p90_decision_days, lpa_industrial_application_approval_rate_cps2, lpa_grant_refuse_speed_ratio
  - nearby_legacy_count, nearby_legacy_approval_rate, distance_to_nearest_legacy_site_km, distance_to_nearest_legacy_success_km, distance_to_nearest_legacy_refusal_km
  - knn_avg_distance_km, knn_std_distance_km, knn_dist_to_nearest_km, knn_approval_rate, knn_inverse_dist_weighted_approval
  - knn_count_solar, knn_dist_to_nearest_solar_km, knn_dist_to_nearest_refusal_km, dist_to_nearest_substation_km, nearest_substation_voltage_kv
  - nearest_substation_headroom_mw, avg_dist_to_5nn_substations_km, avg_headroom_5nn_substations_mw, std_headroom_5nn_substations_mw, nearest_sub_max_3ph_fault_ka
  - nearest_sub_max_ef_fault_ka, avg_max_3ph_fault_5nn_ka, avg_max_ef_fault_5nn_ka, submission_month, der_sub1mw_density_count_2km
  - der_sub1mw_capacity_density_mw_2km, der_over1mw_density_count_2km, der_over1mw_capacity_density_mw_2km, der_total_density_count_2km, der_total_capacity_density_mw_2km
  - der_sub1mw_density_count_5km, der_sub1mw_capacity_density_mw_5km, der_over1mw_density_count_5km, der_over1mw_capacity_density_mw_5km, der_total_density_count_5km
  - der_total_capacity_density_mw_5km, der_sub1mw_density_count_10km, der_sub1mw_capacity_density_mw_10km, der_over1mw_density_count_10km, der_over1mw_capacity_density_mw_10km
  - der_total_density_count_10km, der_total_capacity_density_mw_10km, nearest_substation_total_kva, avg_total_kva_5nn, total_kva_in_10km_radius
  - idno_is_within, idno_distance_to_nearest_boundary, idno_count_in_5km, idno_total_area_in_10km, idno_crosses_connection_path
  - lpa_idno_area_as_percent_of_total_area, lpa_idno_count_per_100km2, ltds_nearest_upgrade_dist_m, ltds_nearest_upgrade_completion_year, ltds_years_to_nearest_completion
  - ltds_count_in_10km, ltds_count_reinforcement_in_10km, ltds_count_new_tx_in_10km, ltds_count_new_sub_in_10km, lct_secondary_sub_count_in_5km
  - lct_total_connections_in_5km, lct_total_import_kw_in_5km, lct_total_export_kw_in_5km, lct_demand_connections_in_5km, lct_generation_connections_in_5km
  - lct_ev_connections_in_5km, lct_generation_demand_ratio_in_5km, primary_sub_total_lct_connections, primary_sub_total_lct_import_kw, primary_sub_total_lct_export_kw
  - primary_sub_demand_connections, primary_sub_generation_connections, primary_sub_lct_generation_demand_ratio, primary_direct_total_connections, primary_direct_total_import_kw
  - primary_direct_total_export_kw, primary_direct_demand_connections, primary_direct_generation_connections, primary_direct_gen_dem_ratio, lct_reconciliation_delta_connections
  - lct_reconciliation_delta_export_kw, max_secondary_connections_for_primary, lct_primary_concentration_idx, lct_aggregation_completeness_ratio, dnoa_dist_to_nearest_constrained_tx_m
  - dnoa_imminence_of_nearest_constraint_yrs, dnoa_constrained_tx_count_knn, dnoa_avg_dist_knn_m, dnoa_avg_deferred_kva_knn, dnoa_earliest_constraint_year_knn
  - dnoa_procure_flex_ratio_knn, primary_sub_downstream_constrained_tx_count, primary_sub_downstream_total_deferred_kva, primary_sub_downstream_earliest_constraint_year, pq_idw_thd_knn5
  - pq_idw_h5_highest_knn5, pq_idw_avg_odd_harmonics_knn5, pq_dist_to_nearest_monitor_km, pq_max_thd_in_knn5, pq_std_thd_in_knn5
  - primary_sub_total_kva, primary_sub_tx_count, primary_sub_avg_tx_kva, primary_sub_max_tx_kva, primary_sub_min_tx_kva
  - primary_sub_tx_kva_variance, kva_per_mwelec_ratio, sitevoltage, powertransformercount, transratingwinter
  - transratingsummer, maxdemandsummer, maxdemandwinter, resistance_ohm, reversepower_encoded
  - substation_age_at_submission, is_hot_site, has_demand_data, winter_nameplate_loading_pct, summer_nameplate_loading_pct
  - kva_per_transformer, ohl_33kv_dist_to_nearest_corridor_m, ohl_33kv_corridor_intersects_site, ohl_33kv_density_in_2km_km_per_km2, ohl_33kv_nearest_primary_substation_dist_ratio
  - ohl_dist_to_nearest_pole_m, ohl_dist_to_nearest_tower_m, ohl_local_structure_count, ohl_local_tower_count, ohl_local_tower_ratio
  - ohl_structure_dist_from_line_avg_m, ohl_132kv_dist_to_nearest_corridor_m, ohl_132kv_dist_to_nearest_tower_m, ohl_132kv_tower_count_2km, ohl_132kv_tower_density_in_2km_per_km2
  - ohl_132kv_corridor_intersects_site, ohl_33kv_to_132kv_dist_ratio, ohl_nearest_voltage, ohl_total_tower_count_2km, dhv_line_density_in_2km_km_per_km2
  - dhv_pole_density_in_2km_per_km2, dhv_connection_path_intersection_count, dhv_network_complexity_in_2km, dlv_line_density_in_2km_km_per_km2, dlv_pole_density_in_2km_per_km2
  - ohl_total_connection_path_intersections, firm_capacity_winter_mw, firm_capacity_summer_mw, unutilised_capacity_pct, demandrag_Green_Over_5_headroom_
  - constraint_season_Summer, constraint_season_Winter, dist_to_governing_substation_centroid_km, forecast_vs_empirical_headroom_delta_pct, primary_sub_downstream_avg_utilisation
  - sec_sub_gov_customer_count, sec_sub_gov_onan_rating_kva, sec_sub_gov_utilisation_pct, sec_sub_gov_area_sqm, sec_sub_gov_customer_density_per_sqkm
  - dlv_connection_path_intersection_count, lpa_lsoa_agg_property_value_idx, lpa_lsoa_agg_property_value_idx_stddev, lpa_lsoa_agg_env_health_disadvantage_idx, lpa_lsoa_agg_env_health_disadvantage_idx_stddev
  - lpa_lsoa_agg_retail_vice_density_idx, lpa_lsoa_agg_retail_vice_density_idx_stddev, site_lsoa_property_value_idx, site_lsoa_env_health_disadvantage_idx, site_lsoa_retail_vice_density_idx      
  - site_lsoa_oac_Digital_Seniors, site_lsoa_oac_Passive_and_Uncommitted_Users, site_lsoa_oac_Settled_Offline_Communities, site_lsoa_oac_Youthful_Urban_Fringe, site_lsoa_oac_e_Cultural_Creators  
  - site_lsoa_oac_e_Mainstream, site_lsoa_oac_e_Professionals, site_lsoa_oac_e_Rational_Utilitarians, site_lsoa_oac_e_Veterans, site_lsoa_oac_e_Withdrawn
  - site_lsoa_ruc_Larger_rural_Further_from_a_major_town_or_city, site_lsoa_ruc_Larger_rural_Nearer_to_a_major_town_or_city, site_lsoa_ruc_Smaller_rural_Further_from_a_major_town_or_city, site_lsoa_ruc_Smaller_rural_Nearer_to_a_major_town_or_city, site_lsoa_ruc_Urban_Further_from_a_major_town_or_city
  - site_lsoa_ruc_Urban_Nearer_to_a_major_town_or_city, sic_env_justice_conflict, delta_property_value, delta_env_health_disadvantage, sic_greenbelt_pressure_cooker
  - pct_area_urban_fabric_1km, pct_area_agricultural_1km, pct_area_industrial_commercial_1km, major_road_length_1km, railway_length_1km
  - pct_area_protected_natural_1km, pct_area_urban_fabric_2km, pct_area_agricultural_2km, pct_area_industrial_commercial_2km, major_road_length_2km
  - railway_length_2km, pct_area_protected_natural_2km, pct_area_urban_fabric_5km, pct_area_agricultural_5km, pct_area_industrial_commercial_5km
  - major_road_length_5km, railway_length_5km, pct_area_protected_natural_5km, pct_area_urban_fabric_10km, pct_area_agricultural_10km
  - pct_area_industrial_commercial_10km, major_road_length_10km, railway_length_10km, pct_area_protected_natural_10km, SIC_Corridor_Intensity
  - SIC_Urban_Fringe_Pressure, aw_dist_to_nearest_m, aonb_dist_to_nearest_m, aw_count_in_2km, aw_total_area_in_2km
  - aw_ASNW_count_in_2km, aw_PAWS_count_in_2km, aw_count_in_5km, aw_total_area_in_5km, aw_ASNW_count_in_5km
  - aw_PAWS_count_in_5km, aw_count_in_10km, aw_total_area_in_10km, aw_ASNW_count_in_10km, aw_PAWS_count_in_10km
  - aw_count_in_20km, aw_total_area_in_20km, aw_ASNW_count_in_20km, aw_PAWS_count_in_20km, aonb_count_in_2km
  - aonb_total_area_in_2km, aonb_count_in_5km, aonb_total_area_in_5km, aonb_count_in_10km, aonb_total_area_in_10km
  - aonb_count_in_20km, aonb_total_area_in_20km, aonb_density_focus_ratio_5km_to_20km, aw_density_focus_ratio_2km_to_20km, env_count_of_constraints_in_2km
  - sssi_dist_to_nearest_m, sssi_nearest_area_ha, sssi_is_within, sssi_count_in_2km, sssi_total_area_in_2km_ha
  - sssi_count_in_5km, sssi_total_area_in_5km_ha, sssi_count_in_10km, sssi_total_area_in_10km_ha, sssi_count_in_20km
  - sssi_total_area_in_20km_ha, sssi_density_focus_ratio_2km_to_20km, env_min_dist_to_any_constraint_m, sssi_unit_dist_to_nearest_m, np_dist_to_nearest_m
  - np_total_area_in_5km_sqkm, np_count_in_5km, np_total_area_in_10km_sqkm, np_count_in_10km, np_total_area_in_20km_sqkm
  - np_count_in_20km, sac_dist_to_nearest_m, sac_nearest_area_ha, sac_is_within, sac_total_area_in_2km_ha
  - sac_count_in_2km, sac_total_area_in_5km_ha, sac_count_in_5km, sac_total_area_in_10km_ha, sac_count_in_10km
  - sac_total_area_in_20km_ha, sac_count_in_20km, spa_dist_to_nearest_m, spa_is_within, spa_total_area_in_2km_ha
  - spa_count_in_2km, spa_total_area_in_5km_ha, spa_count_in_5km, spa_total_area_in_10km_ha, spa_count_in_10km
  - spa_total_area_in_20km_ha, spa_count_in_20km, env_count_of_european_designations_in_5km, alc_grade_at_site, alc_is_bmv_at_site
  - alc_dist_to_nearest_bmv_m, alc_dist_to_nearest_grade1_m, alc_bmv_area_pct_in_2km, alc_bmv_area_pct_in_5km, alc_bmv_area_pct_in_10km
  - nt_dist_to_nearest_m, nt_length_in_2km, nt_intersection_count_in_2km, nt_length_in_5km, nt_intersection_count_in_5km
  - nt_length_in_10km, nt_intersection_count_in_10km, nt_length_in_20km, nt_intersection_count_in_20km, crow_dist_to_nearest_m
  - crow_is_within, crow_total_area_in_2km_sqkm, crow_total_area_in_5km_sqkm, crow_total_area_in_10km_sqkm, crow_total_area_in_20km_sqkm
  - crow_nearest_is_rcl, crow_nearest_is_s15, crow_rcl_area_pct_in_5km, hp_dist_to_nearest_m, hp_nearest_area_ha
  - hp_is_within, hp_total_area_in_2km_ha, hp_count_in_2km, hp_total_area_in_5km_ha, hp_count_in_5km
  - hp_total_area_in_10km_ha, hp_count_in_10km, hp_total_area_in_20km_ha, hp_count_in_20km, ph_dist_to_nearest_m
  - ph_nearest_is_priority, ph_is_within, ph_total_area_in_2km_ha, ph_priority_area_pct_in_2km, ph_total_area_in_5km_ha
  - ph_priority_area_pct_in_5km, ph_total_area_in_10km_ha, ph_priority_area_pct_in_10km, ph_total_area_in_20km_ha, ph_priority_area_pct_in_20km
  - cs_on_site_bool, cs_on_site_total_value, cs_count_2km, cs_hightier_count_2km, cs_midtier_count_2km
  - cs_total_area_ha_2km, cs_density_2km, cs_avg_value_2km, cs_count_5km, cs_hightier_count_5km
  - cs_midtier_count_5km, cs_total_area_ha_5km, cs_density_5km, cs_avg_value_5km, cs_count_10km
  - cs_hightier_count_10km, cs_midtier_count_10km, cs_total_area_ha_10km, cs_density_10km, cs_avg_value_10km
  - cs_count_20km, cs_hightier_count_20km, cs_midtier_count_20km, cs_total_area_ha_20km, cs_density_20km
  - cs_avg_value_20km, es_on_site_bool, es_hls_on_site_bool, es_count_2km, es_hls_count_2km
  - es_total_area_ha_2km, es_hls_density_2km, es_hls_avg_cost_2km, es_count_5km, es_hls_count_5km
  - es_total_area_ha_5km, es_hls_density_5km, es_hls_avg_cost_5km, es_count_10km, es_hls_count_10km
  - es_total_area_ha_10km, es_hls_density_10km, es_hls_avg_cost_10km, es_count_20km, es_hls_count_20km
  - es_total_area_ha_20km, es_hls_density_20km, es_hls_avg_cost_20km, nhlc_urban_on_site_bool, nhlc_urban_cell_count_2km
  - nhlc_urban_density_2km, nhlc_settlement_density_2km, nhlc_urban_cell_count_5km, nhlc_urban_density_5km, nhlc_settlement_density_5km
  - nhlc_urban_cell_count_10km, nhlc_urban_density_10km, nhlc_settlement_density_10km, dno_source_nged, dno_source_ukpn
  - lpa_planning_time_overall_n, lpa_planning_time_overall_mean, lpa_planning_time_overall_std, lpa_planning_time_overall_median, lpa_planning_time_overall_min
  - lpa_planning_time_overall_max, lpa_planning_time_bin_n, lpa_planning_time_bin_mean, lpa_planning_time_bin_std, lpa_planning_time_bin_median
  - lpa_planning_time_bin_min, lpa_planning_time_bin_max, days_to_next_general_election, is_pre_election_paralysis_window, SIC_POLICY_REGIME_ID
  - SIC_IS_PURDAH_PERIOD, TFI_Grid_Saturation_Penalty, TFI_Grid_Proximity_Value, TFI_Grid_Headroom_Decay, TFI_BMV_Land_Conflict
  - TFI_Agri_Scheme_Friction, TFI_Ancient_Woodland_Veto, TFI_LPA_Permissiveness_Decay, TFI_Legacy_Precedent_Decay, TFI_Election_Paralysis_Workload
  - SIC_LPA_ROLLING_VOLUME_180D, SIC_LPA_CONGESTION_SEVERITY, SIC_LPA_QUEUE_RELATIVE_SCALE, SIC_BESS_CO_LOCATION_INTENSITY, SIC_BESS_FIRE_SAFETY_FRICTION
  - SIC_BESS_GRID_HEADROOM_COMPLEXITY, SIC_BESS_LPA_VOLATILITY_AMPLIFIER, SIC_BESS_GREENFIELD_INDUSTRIALIZATION_CONFLICT, SIC_TOWER_FATIGUE_INDEX, SIC_TOWER_TECHNICAL_COMPLEXITY
  - SIC_TOWER_URBAN_FRINGE_CONFLICT, SIC_TOWER_LAND_STERILIZATION_IMPACT, SIC_INFRA_WAYLEAVE_VOLUME, SIC_INFRA_PATH_TORTUOSITY, SIC_INFRA_CAPACITY_CROSSING_DIFFICULTY
  - SIC_INFRA_VISUAL_CLUTTER_CROSSING, SIC_INFRA_LOGISTICAL_ENCIRCLEMENT, SIC_PH_WETLAND_RISK, SIC_PH_HEATHLAND_RISK, SIC_PH_WOODLAND_RISK
  - SIC_PH_COASTAL_RISK, SIC_PH_UNCERTAINTY_RISK, SIC_AW_IRREPLACEABLE_FRICTION, SIC_AW_RESTORATION_COMPLEXITY, SIC_SAC_HRA_COMPLEXITY
  - SIC_ECO_TRIPLE_LOCK_VETO, SIC_ECO_SCALE_SENSITIVITY, SIC_DEMO_RESISTANCE_BLOC_STRENGTH, SIC_DEMO_DIGITAL_EXCLUSION_FRICTION, SIC_DEMO_CAPACITY_RESISTANCE
  - SIC_DEMO_AMENITY_DEFENCE_INTENSITY, SIC_DEMO_RURAL_CHARACTER_DEFENCE, SIC_PHYSICAL_SITE_AREA_LOG, SIC_POWER_DENSITY_W_PER_SQM, SIC_SPRAWL_FRICTION
  - SIC_LEGACY_SHIELD_INTENSITY, SIC_BROWNFIELD_CONTEXT_SCORE, SIC_VARIANCE_DAMPENER_SCORE, SIC_SHIELDED_CAPACITY, SIC_PRECEDENT_PROXIMITY_LOG
  - SIC_ECO_DECAY_BUFFER_SCORE, SIC_ECO_DRAG_HIGH_CAPACITY, SIC_ECO_SHIELD_LOW_CAPACITY, SIC_ECO_IRZ_PROXY_RATIO, SIC_ECO_UNCERTAINTY_FLAG
  - SIC_ECO_PRESSURE_GOLDEN_RATIO, SIC_TEMP_NATIONAL_VOLUME_LOAD, SIC_TEMP_NATIONAL_VELOCITY_PROXY, SIC_TEMP_IS_WINTER, SIC_NAT_QUEUE_MOMENTUM_MW
  - SIC_NAT_QUEUE_LATENCY_RISK, LPA_Bayesian_Mean_Duration, LPA_Bayesian_Risk_P90, LPA_Chaos_Index, LPA_Stability_Index
  - lpa_extension_propensity, FI_Chaos_x_Constraint_Density, FI_Paranoia_Factor_SSSI, FI_Visual_Impact_Hesitancy, FI_Grid_Complexity_Drag
  - FI_Constraint_Deferral_Risk, FI_LPA_Capacity_Experience_Ratio, FI_Big_Fish_Small_Pond, FI_NIMBY_Effectiveness_Score, FI_Political_Cowardice
  - SIC_LPA_STABILITY_VOLUME, SIC_LPA_SPEED_CONSISTENCY, SIC_LPA_CHAOS_APPROVAL, SIC_LPA_CONGESTION_STABILITY, SIC_LPA_VARIANCE_AMPLIFIER
  - SIC_GRID_POLICY_FRICTION, SIC_BROWNFIELD_BONUS, SIC_TIME_RISK_LARGE_SCALE_IN_STRESSED_GRID, SIC_TIME_RISK_LARGE_SCALE_NEAR_ENV_CONSTRAINT, SIC_TIME_RISK_LARGE_SCALE_IN_TOUGH_LPA
  - SIC_Amenity_Conflict_Intensity, SIC_Cumulative_Amenity_Pressure, SIC_LPA_PRECEDENT_BIAS, SIC_GRID_QUEUE_PRESSURE_PROXY, SIC_GRID_FORWARD_LOOKING_RISK
  - SIC_GRID_STABILITY_VULNERABILITY, SIC_DNOA_IMMINENCE_PENALTY, SIC_PRIMARY_SUB_SATURATION, SIC_LCT_INTEGRATION_STRESS, SIC_LPA_DECISION_FATIGUE
  - SIC_LPA_RENEWABLE_BIAS, SIC_LPA_INSTABILITY_RISK, SIC_LPA_PROCEDURAL_FRICTION, SIC_ENV_ECOLOGICAL_FRAGMENTATION_RISK, SIC_ENV_HERITAGE_ASSET_CONFLICT
  - SIC_SOCIO_URBAN_FRINGE_TENSION, SIC_SOCIO_REGENERATION_POTENTIAL, SIC_SOCIO_DIGITAL_DIVIDE_RISK, SIC_SOCIO_SETTLEMENT_PROXIMITY_CONFLICT, SIC_XD_PROCEDURAL_GRIDLOCK
  - SIC_XD_ENV_POLICY_AMPLIFICATION, SIC_XD_CUMULATIVE_DEVELOPMENT_PRESSURE, TSIC_GRID_SATURATION_ACCELERATION, TSIC_POLICY_HARDENING_VETO, TSIC_PRECEDENT_EROSION
  - SIC_CORE_LOGISTICAL_ACCESS_CHALLENGE, SIC_CORE_MOUNTING_LAND_CONFLICT, SIC_CORE_DISLOCATED_CHP_ANOMALY, SIC_SYNTH_GRID_REALITY_GAP, SIC_SYNTH_LPA_PRECEDENT_PARADOX
  - SIC_CONTEXT_SCALE_VS_GRID_CAPACITY, SIC_CONTEXT_CONNECTION_PATH_INEFFICIENCY, SIC_CONTEXT_HEADROOM_RELIABILITY_RISK, SIC_CONTEXT_LPA_INEXPERIENCE_VS_COMPLEXITY, SIC_CONTEXT_ISOLATION_ANOMALY 
  - SIC_UNC_LCT_DATA_UNCERTAINTY_PENALTY, SIC_GRID_TOPOLOGY_CONNECTION_DELTA, SIC_IMPACT_ECOLOGICAL_CONSTRAINT_FOCUS, SIC_IMPACT_HIGH_VOLTAGE_CHARACTER, SIC_IMPACT_AMENITY_SATURATION
  - SIC_GRID_OPS_REVERSE_POWER_RISK, SIC_GRID_OPS_POWER_QUALITY_RISK, SIC_LOGISTICS_CONNECTION_TORTUOSITY, SIC_ECOLOGY_DENSE_NETWORK_CONFLICT, SIC_POL_LPA_POLITICAL_VOLATILITY
  - SIC_INFRA_AGING_ASSET_RISK, SIC_GRID_CUMULATIVE_GENERATION_PRESSURE, SIC_LOGISTICS_DENSE_CORRIDOR_FRICTION, SIC_ECONOMIC_VS_ECOLOGICAL_TENSION, SIC_LPA_DECISION_CHAOS
  - SIC_LPA_INFRASTRUCTURE_AVERSION, SIC_LPA_PROCEDURAL_INSTABILITY_RISK, SIC_LPA_POLITICAL_VOLATILITY, SIC_LPA_QUIET_REFUSAL_FRICTION, SIC_GRID_QUEUE_FRICTION
  - SIC_LPA_PRECEDENT_POLICY_CONFLICT, SIC_GRID_QUEUE_PRESSURE, SIC_GRID_FORWARD_CONSTRAINT_RISK, SIC_GRID_NETWORK_STABILITY_VULNERABILITY, SIC_GRID_DNOA_IMMINENCE_PENALTY
  - SIC_GRID_PRIMARY_SUBSTATION_SATURATION, SIC_GRID_LCT_INTEGRATION_FRICTION, SIC_ENV_HERITAGE_SETTING_CONFLICT, SIC_CAPACITY_X_URBAN_DENIAL, SIC_CAPACITY_X_PRIORITY_HABITAT
  - SIC_CAPACITY_X_INFRA_CROSSING, SIC_CAPACITY_X_BROWNFIELD_PROXIMITY, SIC_NSIP_REGIME_FLAG, SIC_CO_LOCATION_COMPLEXITY, feat_grid_connection_friction_index
  - Injecting Specialist Features into Oracle Training Data...
ORACLE FEATURE COUNT: 652
ORACLE FEATURES:

  -   technology_type, installed_capacity_mwelec, chp_enabled, mounting_type_for_solar, easting_x
  -   installed_capacity_mwelec, chp_enabled, mounting_type_for_solar, easting_x, northing_x
  -   chp_enabled, mounting_type_for_solar, easting_x, northing_x, submission_year
  -   mounting_type_for_solar, easting_x, northing_x, submission_year, submission_day
  -   easting_x, northing_x, submission_year, submission_day, submission_month_sin
  -   northing_x, submission_year, submission_day, submission_month_sin, submission_month_cos
  -   submission_year, submission_day, submission_month_sin, submission_month_cos, total_applications_received
  -   submission_day, submission_month_sin, submission_month_cos, total_applications_received, total_applications_withdrawn
  -   submission_month_sin, submission_month_cos, total_applications_received, total_applications_withdrawn, total_enforcement_actions
  -   submission_month_cos, total_applications_received, total_applications_withdrawn, total_enforcement_actions, lpa_withdrawal_rate
  -   total_applications_received, total_applications_withdrawn, total_enforcement_actions, lpa_withdrawal_rate, lpa_avg_yearly_workload
  -   total_applications_withdrawn, total_enforcement_actions, lpa_withdrawal_rate, lpa_avg_yearly_workload, lpa_total_experience
  -   total_enforcement_actions, lpa_withdrawal_rate, lpa_avg_yearly_workload, lpa_total_experience, lpa_workload_trend
  -   lpa_withdrawal_rate, lpa_avg_yearly_workload, lpa_total_experience, lpa_workload_trend, lpa_major_commercial_approval_rate
  -   lpa_avg_yearly_workload, lpa_total_experience, lpa_workload_trend, lpa_major_commercial_approval_rate, lpa_major_decision_compliance_rate
  -   lpa_total_experience, lpa_workload_trend, lpa_major_commercial_approval_rate, lpa_major_decision_compliance_rate, lpa_approval_rate_cps2
  -   lpa_workload_trend, lpa_major_commercial_approval_rate, lpa_major_decision_compliance_rate, lpa_approval_rate_cps2, lpa_avg_decision_days
  -   lpa_major_commercial_approval_rate, lpa_major_decision_compliance_rate, lpa_approval_rate_cps2, lpa_avg_decision_days, lpa_decision_speed_variance
  -   lpa_major_decision_compliance_rate, lpa_approval_rate_cps2, lpa_avg_decision_days, lpa_decision_speed_variance, lpa_p90_decision_days
  -   lpa_approval_rate_cps2