[I 2025-12-03 18:04:25,764] Trial 0 finished with value: 99.24695516553804 and parameters: {'n_estimators': 1584, 'learning_rate': 0.030447561583974596, 'num_leaves': 32, 'max_depth': 25, 'min_child_samples': 77, 'reg_alpha': 1.361464076566715, 'reg_lambda': 3.8739624644768305, 'colsample_bytree': 0.7881071423062804}. Best is trial 0 with value: 99.24695516553804.
[I 2025-12-03 18:05:16,398] Trial 1 finished with value: 98.68326519848395 and parameters: {'n_estimators': 1189, 'learning_rate': 0.03367470623539144, 'num_leaves': 17, 'max_depth': 24, 'min_child_samples': 54, 'reg_alpha': 6.482597860329714, 'reg_lambda': 5.708910201710949, 'colsample_bytree': 0.6170045016732768}. Best is trial 1 with value: 98.68326519848395.
[I 2025-12-03 18:06:21,037] Trial 2 finished with value: 102.04861619447804 and parameters: {'n_estimators': 1600, 'learning_rate': 0.09800666514016698, 'num_leaves': 21, 'max_depth': 25, 'min_child_samples': 85, 'reg_alpha': 2.7967878124692698, 'reg_lambda': 5.002690612751127, 'colsample_bytree': 0.7029746920789687}. Best is trial 1 with value: 98.68326519848395.
[I 2025-12-03 18:06:54,204] Trial 3 finished with value: 99.73105118632111 and parameters: {'n_estimators': 1463, 'learning_rate': 0.04149372940080909, 'num_leaves': 43, 'max_depth': 5, 'min_child_samples': 64, 'reg_alpha': 4.399781331130872, 'reg_lambda': 4.772573572334329, 'colsample_bytree': 0.46820285341916706}. Best is trial 1 with value: 98.68326519848395.
[I 2025-12-03 18:07:59,753] Trial 4 finished with value: 97.7092052207302 and parameters: {'n_estimators': 1128, 'learning_rate': 0.0236612039273843, 'num_leaves': 29, 'max_depth': 16, 'min_child_samples': 43, 'reg_alpha': 5.250273160175358, 'reg_lambda': 4.233611510117743, 'colsample_bytree': 0.5191788343045626}. Best is trial 4 with value: 97.7092052207302.
  Oracle tuning complete. Best RMSE: 97.7092
  Training final oracle with best parameters...
  Oracle trained.
  Executing SHAP analysis on Oracle...
  SHAP analysis complete.
  Global Context Vector (GCV) defined with Top 40 features.
  - Persisted Oracle model to C:\Users\brand\Desktop\renewables\data\artifacts\modeling_outputs\specialist_gm_solar_v3.5_refactored\oralce_v3.5.joblib
  - Synchronizing Feature Space: Injecting Specialist Features into Main Dataframes...

--- Phase 1b (AD-AM-33): Forging k-NN Anomaly Features ---
  - Success Atlas defined with 2434 samples on 40 GCV features.
  - k-NN Anomaly Engine (k=10), GCV Imputer, and GCV Scaler fitted on Success Atlas.
  - Forging features for the training set...
  - Forging features for the validation set...
  - Forging features for the test set...
--- k-NN Anomaly Feature Forging Complete ---
  - Persisted k-NN imputer, scaler, and engine artifacts to C:\Users\brand\Desktop\renewables\data\artifacts\modeling_outputs\specialist_gm_solar_v3.5_refactored

--- Phase 1c (AD-AM-43): Engineering k-NN Dependent SICs ---
  - `SIC_LPA_PRECEDENT_UNCERTAINTY` forged and appended to all data partitions.

--- Phase D (AD-AM-37): Forging 5 Project Regimes via Clustering ---
  - Defining regimes based on 5 strategic features.
  - K-Means clusterer fitted on training data.
  - `project_regime_id` feature forged and appended.
  - Persisted project regime scaler and model artifacts to C:\Users\brand\Desktop\renewables\data\artifacts\modeling_outputs\specialist_gm_solar_v3.5_refactored

--- v3.5 Specialist Cohort Definitions Finalized ---
  - COHORT_PUBLIC_AMENITY: 46 features
  - COHORT_AGRI_ENVIRONMENTAL_SCHEMES: 48 features
  - COHORT_TOPOGRAPHY_AND_ACCESS: 4 features
  - COHORT_LPA_ALL: 42 features
  - COHORT_GRID_ALL: 145 features
  - COHORT_ENV_ALL: 125 features
  - COHORT_SOCIO_ECONOMIC_ALL: 39 features
  - COHORT_NATIONAL_PROXY_ALL: 41 features
  - COHORT_METADATA_AND_FLAGS: 6 features
  - COHORT_CONSOLIDATED_SPECIALIST: 49 features

--- Generating Oracle predictions for train, validation, and test sets ---
  - Generating Out-of-Fold (OOF) predictions for Training Set (Leakage Prevention)...
  - Generating Standard Inference predictions for Validation and Test Sets...

--- Forging Specialist Heads for the Conclave of Experts ---

--- AD-AM-42.1: Specialist Head Target Changed to 5-Class Classification ---
0    0.031224
1    0.183237
2    0.626130
3    0.087921
4    0.071487
Name: proportion, dtype: float64

--- AD-AM-32: Weighted Error Focusing Active ---
  Sample weights created for specialist training. Max weight: 32.03

--- Phase A (v3.9): Tuning 'Anti-Oracle' Error Correction Heads ---

  - Tuning Head: COHORT_PUBLIC_AMENITY (5 trials) on Weighted Oracle Error...
[I 2025-12-03 18:08:37,669] A new study created in memory with name: no-name-1ca7843e-cf74-44e1-9c10-ab2ec9d20d92
[I 2025-12-03 18:09:26,080] Trial 0 finished with value: 1.3031539615124283 and parameters: {'max_depth': 6, 'num_leaves': 32, 'colsample_bytree': 0.516207639568518, 'learning_rate': 0.012297589330832439, 'n_estimators': 1196, 'min_child_samples': 28, 'reg_alpha': 3.0241530683526756, 'reg_lambda': 0.3185541712054194}. Best is trial 0 with value: 1.3031539615124283.
[I 2025-12-03 18:10:06,288] Trial 1 finished with value: 1.4346770208762558 and parameters: {'max_depth': 6, 'num_leaves': 16, 'colsample_bytree': 0.7943581832891085, 'learning_rate': 0.013311666365018576, 'n_estimators': 1169, 'min_child_samples': 26, 'reg_alpha': 0.7247952076899947, 'reg_lambda': 0.04967623748192768}. Best is trial 0 with value: 1.3031539615124283.
[I 2025-12-03 18:10:22,170] Trial 2 finished with value: 1.2771548086758155 and parameters: {'max_depth': 5, 'num_leaves': 25, 'colsample_bytree': 0.5281362692081275, 'learning_rate': 0.04379635849655516, 'n_estimators': 775, 'min_child_samples': 49, 'reg_alpha': 9.259875078413662, 'reg_lambda': 0.6594000317565635}. Best is trial 2 with value: 1.2771548086758155.
[I 2025-12-03 18:10:44,360] Trial 3 finished with value: 1.3226645551265823 and parameters: {'max_depth': 4, 'num_leaves': 15, 'colsample_bytree': 0.6264607339798598, 'learning_rate': 0.02909124227337331, 'n_estimators': 962, 'min_child_samples': 23, 'reg_alpha': 4.187332286731904, 'reg_lambda': 0.01218338206391144}. Best is trial 2 with value: 1.2771548086758155.
[I 2025-12-03 18:11:08,639] Trial 4 finished with value: 1.2902886024226674 and parameters: {'max_depth': 6, 'num_leaves': 38, 'colsample_bytree': 0.7530276673156526, 'learning_rate': 0.029245177886101658, 'n_estimators': 1158, 'min_child_samples': 38, 'reg_alpha': 6.7370313450639285, 'reg_lambda': 0.023049322737624788}. Best is trial 2 with value: 1.2771548086758155.
    Best Oracle Error Log Loss for COHORT_PUBLIC_AMENITY: 1.2772

  - Tuning Head: COHORT_AGRI_ENVIRONMENTAL_SCHEMES (5 trials) on Weighted Oracle Error...
[I 2025-12-03 18:11:08,641] A new study created in memory with name: no-name-d5fa0eaf-8be5-4132-8c25-afa5fb5e3ba9
[I 2025-12-03 18:11:22,876] Trial 0 finished with value: 1.4588871202166573 and parameters: {'max_depth': 7, 'num_leaves': 23, 'colsample_bytree': 0.5745605004392722, 'learning_rate': 0.04815671914454677, 'n_estimators': 907, 'min_child_samples': 39, 'reg_alpha': 8.860678823466237, 'reg_lambda': 0.025614710906872177}. Best is trial 0 with value: 1.4588871202166573.
[I 2025-12-03 18:12:00,949] Trial 1 finished with value: 1.7450722965662842 and parameters: {'max_depth': 4, 'num_leaves': 39, 'colsample_bytree': 0.5614867026615808, 'learning_rate': 0.03640921148434818, 'n_estimators': 1886, 'min_child_samples': 34, 'reg_alpha': 0.48253140810973094, 'reg_lambda': 0.10301695817635534}. Best is trial 0 with value: 1.4588871202166573.
[I 2025-12-03 18:12:56,341] Trial 2 finished with value: 1.518752517809058 and parameters: {'max_depth': 8, 'num_leaves': 28, 'colsample_bytree': 0.5833832006291237, 'learning_rate': 0.008117134954423956, 'n_estimators': 1744, 'min_child_samples': 46, 'reg_alpha': 0.5334859341317748, 'reg_lambda': 0.23174651879148309}. Best is trial 0 with value: 1.4588871202166573.
[I 2025-12-03 18:13:19,944] Trial 3 finished with value: 1.4818812811149136 and parameters: {'max_depth': 5, 'num_leaves': 26, 'colsample_bytree': 0.5424180017733643, 'learning_rate': 0.019783701068627764, 'n_estimators': 714, 'min_child_samples': 33, 'reg_alpha': 2.067713459120599, 'reg_lambda': 2.4224648484452604}. Best is trial 0 with value: 1.4588871202166573.
[I 2025-12-03 18:14:33,437] Trial 4 finished with value: 1.6438770256033568 and parameters: {'max_depth': 8, 'num_leaves': 40, 'colsample_bytree': 0.6677657255187848, 'learning_rate': 0.015159261549320355, 'n_estimators': 1780, 'min_child_samples': 44, 'reg_alpha': 0.1873798834618965, 'reg_lambda': 1.4554697510691568}. Best is trial 0 with value: 1.4588871202166573.
    Best Oracle Error Log Loss for COHORT_AGRI_ENVIRONMENTAL_SCHEMES: 1.4589

  - Tuning Head: COHORT_TOPOGRAPHY_AND_ACCESS (5 trials) on Weighted Oracle Error...
[I 2025-12-03 18:14:33,439] A new study created in memory with name: no-name-a326b1f6-ada6-43be-99ca-b0e34bc150da
[I 2025-12-03 18:15:00,783] Trial 0 finished with value: 1.4998625375467545 and parameters: {'max_depth': 5, 'num_leaves': 6, 'colsample_bytree': 0.9233784162866621, 'learning_rate': 0.024304595612663807, 'n_estimators': 1530, 'min_child_samples': 50, 'reg_alpha': 1.2752308310877245, 'reg_lambda': 1.443040050527151}. Best is trial 0 with value: 1.4998625375467545.
[I 2025-12-03 18:15:16,490] Trial 1 finished with value: 1.5181731056026033 and parameters: {'max_depth': 5, 'num_leaves': 10, 'colsample_bytree': 0.8352675710423934, 'learning_rate': 0.04357901490949576, 'n_estimators': 866, 'min_child_samples': 44, 'reg_alpha': 2.8417251532388526, 'reg_lambda': 0.09886841600979136}. Best is trial 0 with value: 1.4998625375467545.
[I 2025-12-03 18:15:34,735] Trial 2 finished with value: 1.5155906889620323 and parameters: {'max_depth': 3, 'num_leaves': 15, 'colsample_bytree': 0.9181349605163758, 'learning_rate': 0.031853257199558574, 'n_estimators': 1186, 'min_child_samples': 27, 'reg_alpha': 2.472509979798282, 'reg_lambda': 0.3158884076760059}. Best is trial 0 with value: 1.4998625375467545.
[I 2025-12-03 18:15:51,323] Trial 3 finished with value: 1.471106755573525 and parameters: {'max_depth': 3, 'num_leaves': 6, 'colsample_bytree': 0.9903602540002008, 'learning_rate': 0.030014019480646213, 'n_estimators': 1339, 'min_child_samples': 42, 'reg_alpha': 9.005785343282058, 'reg_lambda': 0.16574180380605366}. Best is trial 3 with value: 1.471106755573525.
[I 2025-12-03 18:16:09,386] Trial 4 finished with value: 1.494704829221093 and parameters: {'max_depth': 3, 'num_leaves': 12, 'colsample_bytree': 0.9413698911848101, 'learning_rate': 0.0130864791367882, 'n_estimators': 955, 'min_child_samples': 32, 'reg_alpha': 0.5730790324890894, 'reg_lambda': 0.017619511421856665}. Best is trial 3 with value: 1.471106755573525.
    Best Oracle Error Log Loss for COHORT_TOPOGRAPHY_AND_ACCESS: 1.4711

  - Tuning Head: COHORT_LPA_ALL (5 trials) on Weighted Oracle Error...
[I 2025-12-03 18:16:09,388] A new study created in memory with name: no-name-9227dadc-7173-4ea4-816a-bbddfe51f9ff
[I 2025-12-03 18:16:47,212] Trial 0 finished with value: 1.2188991637307425 and parameters: {'max_depth': 5, 'num_leaves': 22, 'colsample_bytree': 0.6847203341916618, 'learning_rate': 0.007588891182357978, 'n_estimators': 1436, 'min_child_samples': 48, 'reg_alpha': 4.223695043648156, 'reg_lambda': 0.018414260042932874}. Best is trial 0 with value: 1.2188991637307425.
[I 2025-12-03 18:17:34,538] Trial 1 finished with value: 1.234286251381337 and parameters: {'max_depth': 7, 'num_leaves': 33, 'colsample_bytree': 0.6517977818214358, 'learning_rate': 0.008738053035948903, 'n_estimators': 1060, 'min_child_samples': 36, 'reg_alpha': 0.14307822540828716, 'reg_lambda': 3.218727976689148}. Best is trial 0 with value: 1.2188991637307425.
[I 2025-12-03 18:17:51,982] Trial 2 finished with value: 1.2188055306716716 and parameters: {'max_depth': 4, 'num_leaves': 31, 'colsample_bytree': 0.6677792789004348, 'learning_rate': 0.031529311001925374, 'n_estimators': 1391, 'min_child_samples': 32, 'reg_alpha': 8.809566581420004, 'reg_lambda': 0.07389565642922022}. Best is trial 2 with value: 1.2188055306716716.
[I 2025-12-03 18:18:30,511] Trial 3 finished with value: 1.2056470848004293 and parameters: {'max_depth': 5, 'num_leaves': 24, 'colsample_bytree': 0.540895311515694, 'learning_rate': 0.005644186637574954, 'n_estimators': 1220, 'min_child_samples': 46, 'reg_alpha': 1.0856515234202522, 'reg_lambda': 1.891884785903299}. Best is trial 3 with value: 1.2056470848004293.
[I 2025-12-03 18:19:20,006] Trial 4 finished with value: 1.5371894817237741 and parameters: {'max_depth': 7, 'num_leaves': 39, 'colsample_bytree': 0.6900660599388497, 'learning_rate': 0.015785615763042517, 'n_estimators': 1349, 'min_child_samples': 49, 'reg_alpha': 0.1366257491784161, 'reg_lambda': 0.12084687260657731}. Best is trial 3 with value: 1.2056470848004293.
    Best Oracle Error Log Loss for COHORT_LPA_ALL: 1.2056

  - Tuning Head: COHORT_GRID_ALL (5 trials) on Weighted Oracle Error...
[I 2025-12-03 18:19:20,009] A new study created in memory with name: no-name-0b79b540-e636-4573-8bd9-58dc42d7dbb4
[I 2025-12-03 18:20:42,238] Trial 0 finished with value: 1.689303908518832 and parameters: {'max_depth': 15, 'num_leaves': 118, 'colsample_bytree': 0.5052394758466612, 'learning_rate': 0.03655782099084918, 'n_estimators': 1145, 'min_child_samples': 32, 'reg_alpha': 0.18390948456463585, 'reg_lambda': 0.41690932737245034}. Best is trial 0 with value: 1.689303908518832.
[I 2025-12-03 18:22:51,250] Trial 1 finished with value: 1.5361205784877598 and parameters: {'max_depth': 9, 'num_leaves': 32, 'colsample_bytree': 0.3615688108811179, 'learning_rate': 0.00913353508655283, 'n_estimators': 1892, 'min_child_samples': 40, 'reg_alpha': 0.2773001919751352, 'reg_lambda': 0.2642371140472996}. Best is trial 1 with value: 1.5361205784877598.
[I 2025-12-03 18:23:18,594] Trial 2 finished with value: 1.346764623712863 and parameters: {'max_depth': 7, 'num_leaves': 125, 'colsample_bytree': 0.534714169239678, 'learning_rate': 0.04763159294178243, 'n_estimators': 808, 'min_child_samples': 33, 'reg_alpha': 2.097295749071315, 'reg_lambda': 1.0022768975225265}. Best is trial 2 with value: 1.346764623712863.
[I 2025-12-03 18:24:48,536] Trial 3 finished with value: 1.4464992140868784 and parameters: {'max_depth': 6, 'num_leaves': 57, 'colsample_bytree': 0.3643110316407513, 'learning_rate': 0.015484457211863503, 'n_estimators': 1593, 'min_child_samples': 45, 'reg_alpha': 0.5966123887991444, 'reg_lambda': 4.110274556291321}. Best is trial 2 with value: 1.346764623712863.
[I 2025-12-03 18:26:23,750] Trial 4 finished with value: 1.3260391573404835 and parameters: {'max_depth': 12, 'num_leaves': 31, 'colsample_bytree': 0.5934007098378598, 'learning_rate': 0.013428026651856849, 'n_estimators': 1253, 'min_child_samples': 28, 'reg_alpha': 2.020001827569737, 'reg_lambda': 0.048815108041373005}. Best is trial 4 with value: 1.3260391573404835.
    Best Oracle Error Log Loss for COHORT_GRID_ALL: 1.3260

  - Tuning Head: COHORT_ENV_ALL (5 trials) on Weighted Oracle Error...
[I 2025-12-03 18:26:23,753] A new study created in memory with name: no-name-bb84c462-fe47-4ed8-be58-096b504063da
[I 2025-12-03 18:27:00,021] Trial 0 finished with value: 1.3784614712565366 and parameters: {'max_depth': 8, 'num_leaves': 82, 'colsample_bytree': 0.40169455295107803, 'learning_rate': 0.045234926808978414, 'n_estimators': 1517, 'min_child_samples': 36, 'reg_alpha': 5.118505441473708, 'reg_lambda': 0.1525889545664469}. Best is trial 0 with value: 1.3784614712565366.
[I 2025-12-03 18:29:15,202] Trial 1 finished with value: 1.9921592797522851 and parameters: {'max_depth': 14, 'num_leaves': 47, 'colsample_bytree': 0.5098978042366589, 'learning_rate': 0.014774338663807793, 'n_estimators': 1560, 'min_child_samples': 28, 'reg_alpha': 0.1132478037095576, 'reg_lambda': 0.05967968313045614}. Best is trial 0 with value: 1.3784614712565366.
[I 2025-12-03 18:31:05,385] Trial 2 finished with value: 1.863949697365267 and parameters: {'max_depth': 12, 'num_leaves': 89, 'colsample_bytree': 0.41724196434065586, 'learning_rate': 0.017553703175296885, 'n_estimators': 1817, 'min_child_samples': 50, 'reg_alpha': 0.2087747819051852, 'reg_lambda': 0.46792796782520046}. Best is trial 0 with value: 1.3784614712565366.
[I 2025-12-03 18:33:15,133] Trial 3 finished with value: 1.6572017473820064 and parameters: {'max_depth': 11, 'num_leaves': 37, 'colsample_bytree': 0.30630918801592144, 'learning_rate': 0.011596516365007204, 'n_estimators': 1843, 'min_child_samples': 28, 'reg_alpha': 0.3751421859349437, 'reg_lambda': 1.5293840365409566}. Best is trial 0 with value: 1.3784614712565366.
[I 2025-12-03 18:34:38,501] Trial 4 finished with value: 1.4532252695236032 and parameters: {'max_depth': 13, 'num_leaves': 63, 'colsample_bytree': 0.35548938029656446, 'learning_rate': 0.009647997252474467, 'n_estimators': 1008, 'min_child_samples': 30, 'reg_alpha': 0.311922601205079, 'reg_lambda': 0.09517620958479764}. Best is trial 0 with value: 1.3784614712565366.
    Best Oracle Error Log Loss for COHORT_ENV_ALL: 1.3785

  - Tuning Head: COHORT_SOCIO_ECONOMIC_ALL (5 trials) on Weighted Oracle Error...
[I 2025-12-03 18:34:38,504] A new study created in memory with name: no-name-4ec4c784-d00a-42eb-abba-6c0593927f4f
[I 2025-12-03 18:34:55,716] Trial 0 finished with value: 1.4254469352840209 and parameters: {'max_depth': 4, 'num_leaves': 25, 'colsample_bytree': 0.5245078916092474, 'learning_rate': 0.022599643208342804, 'n_estimators': 897, 'min_child_samples': 41, 'reg_alpha': 5.669368614946488, 'reg_lambda': 0.019418752498574686}. Best is trial 0 with value: 1.4254469352840209.
[I 2025-12-03 18:35:12,500] Trial 1 finished with value: 1.590555050099435 and parameters: {'max_depth': 6, 'num_leaves': 15, 'colsample_bytree': 0.6298766129825769, 'learning_rate': 0.027810508050604154, 'n_estimators': 625, 'min_child_samples': 36, 'reg_alpha': 0.21205513135435589, 'reg_lambda': 0.6095110003290297}. Best is trial 0 with value: 1.4254469352840209.
[I 2025-12-03 18:35:36,242] Trial 2 finished with value: 1.968549328971557 and parameters: {'max_depth': 4, 'num_leaves': 39, 'colsample_bytree': 0.6097328964688771, 'learning_rate': 0.03656913048886734, 'n_estimators': 1229, 'min_child_samples': 37, 'reg_alpha': 0.10962896168136392, 'reg_lambda': 0.054134379256241386}. Best is trial 0 with value: 1.4254469352840209.
[I 2025-12-03 18:35:52,316] Trial 3 finished with value: 1.5704276097835623 and parameters: {'max_depth': 5, 'num_leaves': 32, 'colsample_bytree': 0.7468282709554864, 'learning_rate': 0.03669334978810199, 'n_estimators': 619, 'min_child_samples': 31, 'reg_alpha': 2.046330062068774, 'reg_lambda': 0.04134171055933071}. Best is trial 0 with value: 1.4254469352840209.
[I 2025-12-03 18:36:30,695] Trial 4 finished with value: 2.0166988827925585 and parameters: {'max_depth': 7, 'num_leaves': 15, 'colsample_bytree': 0.778617972908384, 'learning_rate': 0.03666659123698042, 'n_estimators': 1235, 'min_child_samples': 23, 'reg_alpha': 0.18299153135983567, 'reg_lambda': 2.660697812420891}. Best is trial 0 with value: 1.4254469352840209.
    Best Oracle Error Log Loss for COHORT_SOCIO_ECONOMIC_ALL: 1.4254

  - Tuning Head: COHORT_NATIONAL_PROXY_ALL (5 trials) on Weighted Oracle Error...
[I 2025-12-03 18:36:30,697] A new study created in memory with name: no-name-6b7504c7-78e7-4e23-b849-22df4d194e86
[I 2025-12-03 18:37:30,666] Trial 0 finished with value: 1.2910071870183675 and parameters: {'max_depth': 7, 'num_leaves': 26, 'colsample_bytree': 0.6431527004948592, 'learning_rate': 0.008987374364957283, 'n_estimators': 1354, 'min_child_samples': 21, 'reg_alpha': 7.556110333260209, 'reg_lambda': 0.31717664330485984}. Best is trial 0 with value: 1.2910071870183675.
[I 2025-12-03 18:37:47,466] Trial 1 finished with value: 1.33285348798724 and parameters: {'max_depth': 7, 'num_leaves': 25, 'colsample_bytree': 0.7036909375281876, 'learning_rate': 0.041028857751537584, 'n_estimators': 518, 'min_child_samples': 29, 'reg_alpha': 6.607412248164796, 'reg_lambda': 0.12489939071863637}. Best is trial 0 with value: 1.2910071870183675.
[I 2025-12-03 18:38:49,599] Trial 2 finished with value: 1.3262099398021188 and parameters: {'max_depth': 6, 'num_leaves': 24, 'colsample_bytree': 0.5113214734511615, 'learning_rate': 0.006700930274463833, 'n_estimators': 1841, 'min_child_samples': 49, 'reg_alpha': 3.2998735436856075, 'reg_lambda': 3.8138741262583093}. Best is trial 0 with value: 1.2910071870183675.
[I 2025-12-03 18:39:07,490] Trial 3 finished with value: 1.3150078348662617 and parameters: {'max_depth': 5, 'num_leaves': 38, 'colsample_bytree': 0.5985153422804282, 'learning_rate': 0.011334956063457002, 'n_estimators': 590, 'min_child_samples': 46, 'reg_alpha': 3.1293387217216098, 'reg_lambda': 0.03334910116085321}. Best is trial 0 with value: 1.2910071870183675.
[I 2025-12-03 18:39:44,623] Trial 4 finished with value: 1.6421639076320655 and parameters: {'max_depth': 5, 'num_leaves': 30, 'colsample_bytree': 0.7418840897569087, 'learning_rate': 0.032157066195657634, 'n_estimators': 1002, 'min_child_samples': 29, 'reg_alpha': 0.5726240550532543, 'reg_lambda': 2.077467921165683}. Best is trial 0 with value: 1.2910071870183675.
    Best Oracle Error Log Loss for COHORT_NATIONAL_PROXY_ALL: 1.2910

  - Tuning Head: COHORT_METADATA_AND_FLAGS (5 trials) on Weighted Oracle Error...
[I 2025-12-03 18:39:44,625] A new study created in memory with name: no-name-a8448800-797b-485b-8d83-cc36cdda6d70
[I 2025-12-03 18:40:05,076] Trial 0 finished with value: 1.5761768131871072 and parameters: {'max_depth': 4, 'num_leaves': 12, 'colsample_bytree': 0.8344981889442145, 'learning_rate': 0.01676346486413738, 'n_estimators': 1279, 'min_child_samples': 28, 'reg_alpha': 0.12630765861385698, 'reg_lambda': 2.3262251951852804}. Best is trial 0 with value: 1.5761768131871072.
