[I 2025-12-01 19:54:02,293] Trial 4 finished with value: 1.3074190398565035 and parameters: {'max_depth': 8, 'num_leaves': 24, 'colsample_bytree': 0.5476495156166691, 'learning_rate': 0.01468186484519157, 'n_estimators': 1192, 'min_child_samples': 25, 'reg_alpha': 8.535243811942559, 'reg_lambda': 3.3047017109113925}. Best is trial 4 with value: 1.3074190398565035.
    Best Oracle Error Log Loss for COHORT_NATIONAL_PROXY_ALL: 1.3074

  - Tuning Head: COHORT_METADATA_AND_FLAGS (5 trials) on Weighted Oracle Error...
[I 2025-12-01 19:54:02,295] A new study created in memory with name: no-name-f08a9436-e6c7-4ba2-b00a-7b1f2191486e
[I 2025-12-01 19:54:07,107] Trial 0 finished with value: 1.6953649358553022 and parameters: {'max_depth': 2, 'num_leaves': 15, 'colsample_bytree': 0.9860345811025497, 'learning_rate': 0.007840824402777532, 'n_estimators': 512, 'min_child_samples': 20, 'reg_alpha': 1.6180960973521443, 'reg_lambda': 0.7849311458098471}. Best is trial 0 with value: 1.6953649358553022.
[I 2025-12-01 19:54:19,352] Trial 1 finished with value: 1.7502469800915292 and parameters: {'max_depth': 4, 'num_leaves': 6, 'colsample_bytree': 0.9777974603506465, 'learning_rate': 0.034697218375178765, 'n_estimators': 1000, 'min_child_samples': 35, 'reg_alpha': 0.26074959584681356, 'reg_lambda': 0.20956219849061763}. Best is trial 0 with value: 1.6953649358553022.
[I 2025-12-01 19:54:31,653] Trial 2 finished with value: 1.6430433341806734 and parameters: {'max_depth': 5, 'num_leaves': 9, 'colsample_bytree': 0.9170786777014291, 'learning_rate': 0.03976893826423094, 'n_estimators': 1429, 'min_child_samples': 23, 'reg_alpha': 8.292600037421964, 'reg_lambda': 0.8540843054231878}. Best is trial 2 with value: 1.6430433341806734.
[I 2025-12-01 19:54:36,994] Trial 3 finished with value: 1.6951083493189263 and parameters: {'max_depth': 2, 'num_leaves': 13, 'colsample_bytree': 0.8936436417947602, 'learning_rate': 0.00704240471854592, 'n_estimators': 593, 'min_child_samples': 35, 'reg_alpha': 4.231385469681304, 'reg_lambda': 2.062058647879016}. Best is trial 2 with value: 1.6430433341806734.
[I 2025-12-01 19:54:54,855] Trial 4 finished with value: 1.6873174615363276 and parameters: {'max_depth': 3, 'num_leaves': 7, 'colsample_bytree': 0.8027377479614398, 'learning_rate': 0.010275177331628036, 'n_estimators': 1590, 'min_child_samples': 38, 'reg_alpha': 1.6588844792111894, 'reg_lambda': 1.0617925480576553}. Best is trial 2 with value: 1.6430433341806734.
    Best Oracle Error Log Loss for COHORT_METADATA_AND_FLAGS: 1.6430

  - Tuning Head: COHORT_CONSOLIDATED_SPECIALIST (5 trials) on Weighted Oracle Error...
[I 2025-12-01 19:54:54,857] A new study created in memory with name: no-name-abb47855-e384-44f1-9691-ef2de9f2d749
[I 2025-12-01 19:55:07,019] Trial 0 finished with value: 1.1317740252882496 and parameters: {'max_depth': 6, 'num_leaves': 35, 'colsample_bytree': 0.7109504364819428, 'learning_rate': 0.03269911368393259, 'n_estimators': 518, 'min_child_samples': 36, 'reg_alpha': 8.603518010615085, 'reg_lambda': 0.041952734260281475}. Best is trial 0 with value: 1.1317740252882496.
[I 2025-12-01 19:55:31,095] Trial 1 finished with value: 1.2628827636546773 and parameters: {'max_depth': 6, 'num_leaves': 22, 'colsample_bytree': 0.7472599730277593, 'learning_rate': 0.023434296615636313, 'n_estimators': 776, 'min_child_samples': 28, 'reg_alpha': 1.2845973201848762, 'reg_lambda': 1.3902167873720832}. Best is trial 0 with value: 1.1317740252882496.
[I 2025-12-01 19:55:57,727] Trial 2 finished with value: 1.1763857518297915 and parameters: {'max_depth': 7, 'num_leaves': 34, 'colsample_bytree': 0.6610214803317636, 'learning_rate': 0.010316337425720476, 'n_estimators': 967, 'min_child_samples': 50, 'reg_alpha': 0.18529667694379096, 'reg_lambda': 0.14114752179572135}. Best is trial 0 with value: 1.1317740252882496.
[I 2025-12-01 19:56:29,166] Trial 3 finished with value: 1.2739136201725372 and parameters: {'max_depth': 6, 'num_leaves': 18, 'colsample_bytree': 0.5081020589832235, 'learning_rate': 0.026646180880415694, 'n_estimators': 1247, 'min_child_samples': 35, 'reg_alpha': 1.5229970229144392, 'reg_lambda': 3.610853638961651}. Best is trial 0 with value: 1.1317740252882496.
[I 2025-12-01 19:57:02,449] Trial 4 finished with value: 1.2409528641858185 and parameters: {'max_depth': 5, 'num_leaves': 27, 'colsample_bytree': 0.5590597853305649, 'learning_rate': 0.017514166537619724, 'n_estimators': 1335, 'min_child_samples': 23, 'reg_alpha': 1.8394650729435933, 'reg_lambda': 0.8190845049760368}. Best is trial 0 with value: 1.1317740252882496.
    Best Oracle Error Log Loss for COHORT_CONSOLIDATED_SPECIALIST: 1.1318

Phase A Complete. All heads individually tuned on weighted error target.

--- Phase E (v3.9): Forging & Analyzing 9 'Anti-Oracle' Heads ---
  - Training head classifier: COHORT_PUBLIC_AMENITY on 29 specialist features
    - Analyzing head for top 10 specialist features...
  - Training head classifier: COHORT_AGRI_ENVIRONMENTAL_SCHEMES on 48 specialist features
    - Analyzing head for top 10 specialist features...
  - Training head classifier: COHORT_LPA_ALL on 32 specialist features
    - Analyzing head for top 10 specialist features...
  - Training head classifier: COHORT_GRID_ALL on 145 specialist features
    - Analyzing head for top 10 specialist features...
  - Training head classifier: COHORT_ENV_ALL on 125 specialist features
    - Analyzing head for top 10 specialist features...
  - Training head classifier: COHORT_SOCIO_ECONOMIC_ALL on 39 specialist features
    - Analyzing head for top 10 specialist features...
  - Training head classifier: COHORT_NATIONAL_PROXY_ALL on 23 specialist features
    - Analyzing head for top 10 specialist features...
  - Training head classifier: COHORT_METADATA_AND_FLAGS on 6 specialist features
    - Analyzing head for top 10 specialist features...
  - Training head classifier: COHORT_CONSOLIDATED_SPECIALIST on 49 specialist features
    - Analyzing head for top 10 specialist features...

  Residual Correction heads and top-feature intelligence persisted to C:\Users\brand\Desktop\renewables\data\artifacts\modeling_outputs\specialist_gm_solar_v3.5_refactored\heads_v3.5_final_gm_solar

--- Generating head probabilities for all data splits ---
  - Forging feature matrix for Ridge Arbiter...
  - Forging feature matrix for Ridge Arbiter...
  - Forging feature matrix for Ridge Arbiter...

--- Phase G: Tuning & Training Final LightGBM Arbiter ---
[I 2025-12-01 19:58:19,651] A new study created in memory with name: no-name-b46fe9cf-323e-4d8f-b14a-201e28f12ff5
[I 2025-12-01 19:58:21,048] Trial 0 finished with value: 97.55523375720954 and parameters: {'n_estimators': 4517, 'learning_rate': 0.0012176229283872258, 'max_depth': 3, 'num_leaves': 17, 'colsample_bytree': 0.4973400490010529, 'subsample': 0.8140770124801551, 'reg_alpha': 1.4547418271402541, 'reg_lambda': 4.03921343080657}. Best is trial 0 with value: 97.55523375720954.
[I 2025-12-01 19:58:22,187] Trial 1 finished with value: 97.928378864833 and parameters: {'n_estimators': 3439, 'learning_rate': 0.018508025198608693, 'max_depth': 3, 'num_leaves': 61, 'colsample_bytree': 0.5513292295995337, 'subsample': 0.8433117311307663, 'reg_alpha': 8.692449282311099, 'reg_lambda': 2.070884385335409}. Best is trial 0 with value: 97.55523375720954.
[I 2025-12-01 19:58:24,324] Trial 2 finished with value: 97.52811913884028 and parameters: {'n_estimators': 4404, 'learning_rate': 0.0018961358972315618, 'max_depth': 6, 'num_leaves': 30, 'colsample_bytree': 0.4670681849625477, 'subsample': 0.8627785667065155, 'reg_alpha': 2.088570119498335, 'reg_lambda': 8.508873069058742}. Best is trial 2 with value: 97.52811913884028.
[I 2025-12-01 19:58:27,593] Trial 3 finished with value: 97.46261548728238 and parameters: {'n_estimators': 4964, 'learning_rate': 0.007950942662715062, 'max_depth': 7, 'num_leaves': 53, 'colsample_bytree': 0.5900593638628397, 'subsample': 0.8360798737335413, 'reg_alpha': 2.2584290986829494, 'reg_lambda': 5.614451350309501}. Best is trial 3 with value: 97.46261548728238.
[I 2025-12-01 19:58:30,059] Trial 4 finished with value: 97.49584382031061 and parameters: {'n_estimators': 4986, 'learning_rate': 0.0029444713917215594, 'max_depth': 7, 'num_leaves': 28, 'colsample_bytree': 0.5358303923675004, 'subsample': 0.7884324846508006, 'reg_alpha': 2.9912586150844254, 'reg_lambda': 5.952099010025034}. Best is trial 3 with value: 97.46261548728238.
  - Arbiter tuning complete. Best Validation RMSE: 97.4626
  - Retraining final Arbiter on combined train+validation data...
  - Final LightGBM Arbiter trained.

========================================================
EXECUTING SOLAR SPECIALIST CASCADE (Techno-Type 21 Only)
========================================================

--- Phase H: Forging Solar Bridge (Feature Compression with Signal Protection) ---
  - Training Probe Model to identify Top Solar Signals on 1650 samples...
  - Protected Features (Raw Pass-Through): ['mounting_type_for_solar', 'technology_type', 'installed_capacity_mwelec', 'SIC_POLICY_REGIME_ID', 'lpa_major_commercial_approval_rate', 'winter_nameplate_loading_pct', 'lpa_workload_trend', 'SIC_GRID_QUEUE_FRICTION', 'SIC_LPA_POLITICAL_VOLATILITY']
  - Top 30 Features (Raw Pass-Through)
  - Compressing 584 features into 20 PCA components...
  - Solar Bridge Forged. Output Shape: (1650, 59)
  - Injecting Consolidated Specialist Features (All Directives) into Solar Bridge...
  - Solar Bridge Artifacts (PCA, Scaler, Features) persisted to C:\Users\brand\Desktop\renewables\data\artifacts\modeling_outputs\specialist_gm_solar_v3.5_refactored
Shape of X_train_solar_comp: (1650, 115)

--- Phase I: Training Solar Residual Specialist ---
  - Solar Residual Specialist Trained.

--- Phase J: Training Robust Stratified Capacity Residual Models ---
  - Stratum Micro_0_1: 797 samples.
  - Stratum Small_1_5: 287 samples.
  - Stratum Mid_5_10: 275 samples.
  - Stratum Mid_10_15: 75 samples.
  - Stratum Mid_15_20: 42 samples.
  - Stratum Large_20_30: 61 samples.
  - Stratum Large_30_40: 28 samples.
  - Stratum Large_40_50: 82 samples.
  - Stratum Major_50_100: 3 samples.
    WARNING: Insufficient data for Major_50_100. Skipping.
  - Stratum Major_100_Plus: 0 samples.
    WARNING: Insufficient data for Major_100_Plus. Skipping.
  - Solar Stratified Models & Bins persisted to C:\Users\brand\Desktop\renewables\data\artifacts\modeling_outputs\specialist_gm_solar_v3.5_refactored\solar_stratified_models_v3.5.joblib

==========================================================
EXECUTING GROUND MOUNT SPECIALIST CASCADE (Mount Type 1)
==========================================================
  - Injecting V16 Consolidated Specialist Features into GM Training Data...
  - Injecting V16 Consolidated Specialist Features into GM Test Data...
  - Isolated 874 GM Training Samples
  - Constructing Feature Matrix for GM Specialist (Base + V16 FIs)...
    - Final GM Specialist Feature Matrix Shape: (874, 116)
--- Calculating Data Maturity Weights (Anti-Recency Bias) ---
  - Reference Date for weighting: 2025-07-21
  - Weight Distribution: Mean=0.97, Min=0.10
  - Training GM Specialist on 116 features with Maturity Weights...

--- Phase K: Training Stratified Ground Mount Specialist ---
  - GM Stratum Micro_0_1: 98 samples.
  - GM Stratum Small_1_5: 218 samples.
  - GM Stratum Mid_5_10: 266 samples.
  - GM Stratum Mid_10_15: 75 samples.
  - GM Stratum Mid_15_20: 42 samples.
  - GM Stratum Large_20_30: 61 samples.
  - GM Stratum Large_30_40: 28 samples.
  - GM Stratum Large_40_50: 82 samples.
  - GM Stratum Major_50_100: 3 samples.
    WARNING: Insufficient data for Major_50_100. Skipping.
  - GM Stratum Major_100_Plus: 0 samples.
    WARNING: Insufficient data for Major_100_Plus. Skipping.
  - Stratified Ground Mount Specialist Trained.

--- Phase L: Training Ground Mount Scale Corrector ---
  - Scale Corrector trained on 5 continuous features.
  - GM Scale Corrector persisted to C:\Users\brand\Desktop\renewables\data\artifacts\modeling_outputs\specialist_gm_solar_v3.5_refactored\gm_stratified_models_v3.5.joblib

--- Synthesizing Final Ground Mount Solar Predictions ---
  - Final Prediction Vector Shape: (181,)

--- DEBUG: Exporting Feature Matrices to C:\Users\brand\Desktop\renewables\data\artifacts\modeling_outputs\specialist_gm_solar_v3.5_refactored\debug_exports ---
  - Saving X_train_gm_final ((874, 116))...
    [WARNING] NaNs detected in X_train_gm_final:
mounting_type_for_solar                           1
technology_type                                   1
installed_capacity_mwelec                         1
SIC_POLICY_REGIME_ID                              1
lpa_major_commercial_approval_rate                1
winter_nameplate_loading_pct                      1
lpa_workload_trend                                1
SIC_GRID_QUEUE_FRICTION                           1
SIC_LPA_POLITICAL_VOLATILITY                      1
SIC_LPA_PRECEDENT_UNCERTAINTY                     1
knn_duration_mean_gcv                             1
knn_duration_variance_gcv                         1
SIC_GRID_QUEUE_PRESSURE_PROXY                     1
SIC_GM_GRID_GAP_IMPEDANCE_RISK_IND                1
SIC_LPA_QUEUE_RELATIVE_SCALE                      1
SIC_GM_AMPERAGE_STRESS_INDEX_IND                  1
SIC_GRID_PHYSICS_STIFFNESS_RISK_IND               1
knn_count_solar                                   1
SIC_ECO_SCALE_SENSITIVITY                         1
ohl_33kv_nearest_primary_substation_dist_ratio    1
days_to_next_general_election                     1
submission_day                                    1
SIC_ENV_ECOLOGICAL_FRAGMENTATION_RISK             1
dnoa_imminence_of_nearest_constraint_yrs          1
SIC_NAT_QUEUE_MOMENTUM_MW                         1
sic_greenbelt_pressure_cooker                     1
SIC_SYNTH_GRID_REALITY_GAP                        1
SIC_SHIELDED_CAPACITY                             1
ltds_years_to_nearest_completion                  1
unutilised_capacity_pct                           1
SIC_LPA_ROLLING_VOLUME_180D                       1
SIC_GRID_STABILITY_VULNERABILITY                  1
SIC_LPA_INFRASTRUCTURE_AVERSION                   1
ltds_count_reinforcement_in_10km                  1
SIC_GRID_TOPOLOGY_CONNECTION_DELTA                1
lpa_grant_refuse_speed_ratio                      1
SIC_VARIANCE_DAMPENER_SCORE                       1
SIC_GRID_OPS_REVERSE_POWER_RISK                   1
SIC_IMPACT_HIGH_VOLTAGE_CHARACTER                 1
PCA_0                                             1
PCA_1                                             1
PCA_2                                             1
PCA_3                                             1
PCA_4                                             1
PCA_5                                             1
PCA_6                                             1
PCA_7                                             1
PCA_8                                             1
PCA_9                                             1
PCA_10                                            1
PCA_11                                            1
PCA_12                                            1
PCA_13                                            1
PCA_14                                            1
PCA_15                                            1
PCA_16                                            1
PCA_17                                            1
PCA_18                                            1
PCA_19                                            1
SIC_GM_SATURATION_EXP_SMALL                       8
dtype: int64
  - Saving X_train_solar_comp ((1650, 115))...
--- DEBUG: Export Complete ---


--- Phase M: Training Terminal Calibrator (The Truth-Teller) ---
  - Terminal Calibrator Trained.
  - Terminal Calibrator persisted to C:\Users\brand\Desktop\renewables\data\artifacts\modeling_outputs\specialist_gm_solar_v3.5_refactored\terminal_calibrator_v3.5.joblib
--- v4.8 GROUND MOUNT SPECIALIST Final Performance ---
  RMSE (Days): 105.4815
  MAE (Days):  81.5504
  R-squared:   0.1291
  Test N:      181


--- REMEDIATION COMPLETE. Initial performance dossier saved to C:\Users\brand\Desktop\renewables\data\artifacts\modeling_outputs\specialist_gm_solar_v3.5_refactored\Amaryllis_v3.5_Diagnostic_Dossier.md


--- EXECUTING DIRECTIVE AD-AM-18: The Diagnostic Gauntlet ---

--- Diagnostic Phase 3: Systematic Bias Investigation ---
  Residuals plot saved to C:\Users\brand\Desktop\renewables\data\artifacts\modeling_outputs\specialist_gm_solar_v3.5_refactored\residuals_vs_predicted_v3.3.png

--- Diagnostic Phase 4: Feature Engineering Hypothesis Report ---

--- Diagnostic Phase 5: All-Heads Granular SHAP Analysis ---
  - Analyzing head: COHORT_AGRI_ENVIRONMENTAL_SCHEMES
  - Analyzing head: COHORT_CONSOLIDATED_SPECIALIST
  - Analyzing head: COHORT_ENV_ALL
  - Analyzing head: COHORT_GRID_ALL
  - Analyzing head: COHORT_LPA_ALL
  - Analyzing head: COHORT_METADATA_AND_FLAGS
  - Analyzing head: COHORT_NATIONAL_PROXY_ALL
  - Analyzing head: COHORT_PUBLIC_AMENITY
  - Analyzing head: COHORT_SOCIO_ECONOMIC_ALL


--- EXECUTING DIRECTIVE AD-AM-31: The Forensic Diagnostic Gauntlet ---

--- Diagnostic Phase 7: Expert Correlation Analysis ---
  - Generated expert correlation heatmap: C:\Users\brand\Desktop\renewables\data\artifacts\modeling_outputs\specialist_gm_solar_v3.5_refactored\expert_correlation_heatmap.png

--- Diagnostic Phase 8: Performance Stratification Report ---

  -- Performance by Project Scale (installed_capacity_mwelec) --
scale_quartile
0     83.859153
1     90.158868
2    114.889122
3    128.301281

  -- Performance by LPA Toughness (lpa_major_commercial_approval_rate) --
lpa_quartile
0    126.271766
1     89.177403
2    105.090283
3     96.330430
(base) PS C:\Users\brand\Desktop\renewables\scripts> 