base) PS C:\Users\brand\Desktop\renewables\scripts>  c:; cd 'c:\Users\brand\Desktop\renewables\scripts'; & 'c:\Users\brand\AppData\Local\Programs\Python\Python313\python.exe' 'c:\Users\brand\.vscode\extensions\ms-python.debugpy-2025.16.0-win32-x64\bundled\libs\debugpy\launcher' '62231' '--' 'c:\Users\brand\Desktop\renewables\scripts\3_step_3.22_test.py' 

--- EXECUTING DIRECTIVE AD-AM-17: Remediation of the Log-Transform Catastrophe ---
--- Phase 1: Data Ingestion & Sanitization ---
Purged 8 metadata columns.
Removed 209 features with 100% missing values.
  - WARNING: 'lpa_name' missing. Attempting forensic reconstruction from OHE columns...
  - CRITICAL WARNING: Could not reconstruct 'lpa_name'. Downstream queue metrics may fail.
  - Applying Capacity Outlier Filter (> 75MW)...
  - Removed 326 samples with capacity > 75MW.
Phase 1 Complete. Sanitized feature matrix shape: (2848, 419)
--- Engineering Input-Only LPA Congestion Metrics ---
  - Pre-split Temporal, Congestion, BESS & Tower Engineering Complete.
  - Pre-split Temporal, Congestion, BESS, Tower & Infra Crossing Engineering Complete.
  - Pre-split Temporal, Congestion, BESS, Tower, Infra & Ecological Engineering Complete.
  - Pre-split Temporal, Congestion, BESS, Tower, Infra, Eco & Demographic Engineering Complete.
  - Pre-split Temporal, Congestion, BESS, Tower, Infra, Eco, Demo & Physical Footprint Engineering Complete.
--- Engineering Stratified Ecological Drag Features ---
  - Pre-split Temporal, Congestion, BESS, Tower, Infra, Eco, Demo, Physical, Shield & Eco-Drag Engineering Complete.   
--- Engineering Input-Only Temporal Velocity ---
--- Engineering National Grid Congestion Metrics ---
  - Pre-split Temporal (Velocity) & National Queue Engineering Complete.

--- Phase 0b: Identifying Unlearnable Samples via OOF Error Analysis (Threshold: >900 days) ---
  - Processing fold 1/5...
  - Processing fold 2/5...
  - Processing fold 3/5...
  - Processing fold 4/5...
  - Processing fold 5/5...
  - Analysis Complete. Identified 0 potentially unlearnable samples.
  Data split complete: Train (1992), Validation (428), Test (428)
  - Sorting Training Data by 'submission_date' for TimeSeriesSplit...

--- Phase 0: Tuning & Forging Global Oracle (Train-Set Only) ---
  - Injecting Specialist Features into Oracle Training Data...
  - Enforcing temporal sort for TimeSeriesSplit...
    Sorted by ['submission_year', 'submission_month']. First Year: 2012.0, Last Year: 2025.0
  Tuning oracle on 1992 samples and 617 features over 5 trials...
[I 2025-12-01 19:33:41,786] A new study created in memory with name: no-name-52a5fa7d-310e-4482-ad85-af00b2238dc8
[I 2025-12-01 19:33:44,800] Trial 0 finished with value: 98.71095141380925 and parameters: {'n_estimators': 125, 'learning_rate': 0.0504355709397818, 'num_leaves': 8, 'max_depth': 5, 'min_child_samples': 73, 'reg_alpha': 3.3923692615986116, 'reg_lambda': 8.267727050209748, 'colsample_bytree': 0.6268768796594}. Best is trial 0 with value: 98.71095141380925.
[I 2025-12-01 19:33:51,997] Trial 1 finished with value: 102.73856497020128 and parameters: {'n_estimators': 386, 'learning_rate': 0.08810489195579671, 'num_leaves': 19, 'max_depth': 4, 'min_child_samples': 37, 'reg_alpha': 8.980534300790936, 'reg_lambda': 5.164284853731746, 'colsample_bytree': 0.6326985943920456}. Best is trial 0 with value: 98.71095141380925.
[I 2025-12-01 19:33:55,422] Trial 2 finished with value: 98.92687633347647 and parameters: {'n_estimators': 239, 'learning_rate': 0.015991552872226072, 'num_leaves': 22, 'max_depth': 3, 'min_child_samples': 77, 'reg_alpha': 7.679346875497217, 'reg_lambda': 8.618834948517335, 'colsample_bytree': 0.6030010722040844}. Best is trial 0 with value: 98.71095141380925.
[I 2025-12-01 19:33:58,414] Trial 3 finished with value: 99.24454033159812 and parameters: {'n_estimators': 167, 'learning_rate': 0.04038566487926618, 'num_leaves': 25, 'max_depth': 3, 'min_child_samples': 45, 'reg_alpha': 7.232809343700261, 'reg_lambda': 3.119521064021867, 'colsample_bytree': 0.6871565494344738}. Best is trial 0 with value: 98.71095141380925.
[I 2025-12-01 19:34:02,211] Trial 4 finished with value: 100.6303908812445 and parameters: {'n_estimators': 377, 'learning_rate': 0.07658232760548582, 'num_leaves': 28, 'max_depth': 2, 'min_child_samples': 83, 'reg_alpha': 4.123614929306183, 'reg_lambda': 9.21329526000046, 'colsample_bytree': 0.46797819125663037}. Best is trial 0 with value: 98.71095141380925.
  Oracle tuning complete. Best RMSE: 98.7110
  Training final oracle with best parameters...
  Oracle trained.
  Executing SHAP analysis on Oracle...
  SHAP analysis complete.
  Global Context Vector (GCV) defined with Top 20 features.
  - Persisted Oracle model to C:\Users\brand\Desktop\renewables\data\artifacts\modeling_outputs\specialist_gm_solar_v3.5_refactored\oralce_v3.5.joblib
  - Synchronizing Feature Space: Injecting Specialist Features into Main Dataframes...

--- Phase 1b (AD-AM-33): Forging k-NN Anomaly Features ---
  - Success Atlas defined with 1992 samples on 20 GCV features.
  - k-NN Anomaly Engine (k=10), GCV Imputer, and GCV Scaler fitted on Success Atlas.
  - Forging features for the training set...
  - Forging features for the validation set...
  - Forging features for the test set...
--- k-NN Anomaly Feature Forging Complete ---
  - Persisted k-NN imputer, scaler, and engine artifacts to C:\Users\brand\Desktop\renewables\data\artifacts\modeling_outputs\specialist_gm_solar_v3.5_refactored

--- Phase 1c (AD-AM-43): Engineering k-NN Dependent SICs ---
  - `SIC_LPA_PRECEDENT_UNCERTAINTY` forged and appended to all data partitions.

--- Phase D (AD-AM-37): Forging 5 Project Regimes via Clustering ---
  - Defining regimes based on 5 strategic features.
  - K-Means clusterer fitted on training data.
  - `project_regime_id` feature forged and appended.
  - Persisted project regime scaler and model artifacts to C:\Users\brand\Desktop\renewables\data\artifacts\modeling_outputs\specialist_gm_solar_v3.5_refactored

--- v3.5 Specialist Cohort Definitions Finalized ---
  - COHORT_PUBLIC_AMENITY: 29 features
  - COHORT_AGRI_ENVIRONMENTAL_SCHEMES: 48 features
  - WARNING: Cohort 'COHORT_TOPOGRAPHY_AND_ACCESS' has no features present in the dataframe. Skipping.
  - COHORT_LPA_ALL: 32 features
  - COHORT_GRID_ALL: 145 features
  - COHORT_ENV_ALL: 125 features
  - COHORT_SOCIO_ECONOMIC_ALL: 39 features
  - COHORT_NATIONAL_PROXY_ALL: 23 features
  - COHORT_METADATA_AND_FLAGS: 6 features
  - COHORT_CONSOLIDATED_SPECIALIST: 49 features

--- Generating Oracle predictions for train, validation, and test sets ---
  - Generating Out-of-Fold (OOF) predictions for Training Set (Leakage Prevention)...
  - Generating Standard Inference predictions for Validation and Test Sets...

--- Forging Specialist Heads for the Conclave of Experts ---

--- AD-AM-42.1: Specialist Head Target Changed to 5-Class Classification ---
0    0.027108
1    0.183735
2    0.634538
3    0.077811
4    0.076807
Name: proportion, dtype: float64

--- AD-AM-32: Weighted Error Focusing Active ---
  Sample weights created for specialist training. Max weight: 36.89

--- Phase A (v3.9): Tuning 'Anti-Oracle' Error Correction Heads ---

  - Tuning Head: COHORT_PUBLIC_AMENITY (5 trials) on Weighted Oracle Error...
[I 2025-12-01 19:34:09,130] A new study created in memory with name: no-name-55cdc40b-9aa4-45a9-9733-116e82cd57c4
[I 2025-12-01 19:34:41,805] Trial 0 finished with value: 1.5501490154709414 and parameters: {'max_depth': 4, 'num_leaves': 18, 'colsample_bytree': 0.5115370170187604, 'learning_rate': 0.00687588623665028, 'n_estimators': 1587, 'min_child_samples': 28, 'reg_alpha': 2.0601821344137163, 'reg_lambda': 1.8980718556929395}. Best is trial 0 with value: 1.5501490154709414.
[I 2025-12-01 19:35:00,464] Trial 1 finished with value: 1.6709779559062483 and parameters: {'max_depth': 8, 'num_leaves': 38, 'colsample_bytree': 0.7692211679654739, 'learning_rate': 0.04434747212815992, 'n_estimators': 654, 'min_child_samples': 36, 'reg_alpha': 0.8263062219527276, 'reg_lambda': 0.36280429772171313}. Best is trial 0 with value: 1.5501490154709414.
[I 2025-12-01 19:35:51,369] Trial 2 finished with value: 1.6606993950158657 and parameters: {'max_depth': 7, 'num_leaves': 40, 'colsample_bytree': 0.7735494265071016, 'learning_rate': 0.01369619717621703, 'n_estimators': 1880, 'min_child_samples': 33, 'reg_alpha': 0.6013178340716067, 'reg_lambda': 0.11107037678355437}. Best is trial 0 with value: 1.5501490154709414.
[I 2025-12-01 19:36:21,508] Trial 3 finished with value: 1.587245049926888 and parameters: {'max_depth': 4, 'num_leaves': 38, 'colsample_bytree': 0.5690711445702765, 'learning_rate': 0.0050089018581185064, 'n_estimators': 1512, 'min_child_samples': 34, 'reg_alpha': 0.3357617273975842, 'reg_lambda': 0.07097993736494851}. Best is trial 0 with value: 1.5501490154709414.
[I 2025-12-01 19:37:09,371] Trial 4 finished with value: 1.4829801981334794 and parameters: {'max_depth': 7, 'num_leaves': 38, 'colsample_bytree': 0.5954074483536365, 'learning_rate': 0.005244541691658248, 'n_estimators': 1601, 'min_child_samples': 33, 'reg_alpha': 2.592677262551868, 'reg_lambda': 0.31079026163246115}. Best is trial 4 with value: 1.4829801981334794.
    Best Oracle Error Log Loss for COHORT_PUBLIC_AMENITY: 1.4830

  - Tuning Head: COHORT_AGRI_ENVIRONMENTAL_SCHEMES (5 trials) on Weighted Oracle Error...
[I 2025-12-01 19:37:09,373] A new study created in memory with name: no-name-bb876e92-5365-4ccf-9098-17a106376f1c
[I 2025-12-01 19:37:28,768] Trial 0 finished with value: 1.54534700227964 and parameters: {'max_depth': 8, 'num_leaves': 15, 'colsample_bytree': 0.5850092620836143, 'learning_rate': 0.025651481284779315, 'n_estimators': 1110, 'min_child_samples': 33, 'reg_alpha': 9.534298457836515, 'reg_lambda': 0.8017278490622303}. Best is trial 0 with value: 1.54534700227964.
[I 2025-12-01 19:37:44,203] Trial 1 finished with value: 1.6169260218130372 and parameters: {'max_depth': 5, 'num_leaves': 16, 'colsample_bytree': 0.7987019691413504, 'learning_rate': 0.04179412850051012, 'n_estimators': 734, 'min_child_samples': 21, 'reg_alpha': 2.3331615294371986, 'reg_lambda': 0.02066306752010448}. Best is trial 0 with value: 1.54534700227964.
[I 2025-12-01 19:38:33,073] Trial 2 finished with value: 1.5740350107672716 and parameters: {'max_depth': 7, 'num_leaves': 36, 'colsample_bytree': 0.5048840281284867, 'learning_rate': 0.009551249579294437, 'n_estimators': 1927, 'min_child_samples': 45, 'reg_alpha': 0.41035945229212556, 'reg_lambda': 0.07663210820905055}. Best is trial 0 with value: 1.54534700227964.
[I 2025-12-01 19:39:25,306] Trial 3 finished with value: 1.5988517249253107 and parameters: {'max_depth': 6, 'num_leaves': 31, 'colsample_bytree': 0.7601730370866021, 'learning_rate': 0.00779646243497545, 'n_estimators': 1793, 'min_child_samples': 23, 'reg_alpha': 0.23479478006244492, 'reg_lambda': 2.095418514713104}. Best is trial 0 with value: 1.54534700227964.
[I 2025-12-01 19:40:09,259] Trial 4 finished with value: 1.5868130366717426 and parameters: {'max_depth': 7, 'num_leaves': 40, 'colsample_bytree': 0.5586772401503166, 'learning_rate': 0.014954289141706413, 'n_estimators': 1743, 'min_child_samples': 38, 'reg_alpha': 2.226979395322913, 'reg_lambda': 2.054010617546184}. Best is trial 0 with value: 1.54534700227964.
    Best Oracle Error Log Loss for COHORT_AGRI_ENVIRONMENTAL_SCHEMES: 1.5453

  - Tuning Head: COHORT_LPA_ALL (5 trials) on Weighted Oracle Error...
[I 2025-12-01 19:40:09,261] A new study created in memory with name: no-name-eaf3f97d-0881-42c5-bb57-f3ab71514bfa
[I 2025-12-01 19:40:18,789] Trial 0 finished with value: 1.2530542568367795 and parameters: {'max_depth': 4, 'num_leaves': 37, 'colsample_bytree': 0.7285054299079226, 'learning_rate': 0.03892190282883999, 'n_estimators': 565, 'min_child_samples': 48, 'reg_alpha': 4.899862324956881, 'reg_lambda': 1.1374845536174214}. Best is trial 0 with value: 1.2530542568367795.
[I 2025-12-01 19:40:38,457] Trial 1 finished with value: 1.2042952078920461 and parameters: {'max_depth': 5, 'num_leaves': 30, 'colsample_bytree': 0.6022840965948264, 'learning_rate': 0.009497303803909868, 'n_estimators': 977, 'min_child_samples': 38, 'reg_alpha': 8.729820268616642, 'reg_lambda': 0.2501216401806178}. Best is trial 1 with value: 1.2042952078920461.
[I 2025-12-01 19:41:07,125] Trial 2 finished with value: 1.4832834017980345 and parameters: {'max_depth': 4, 'num_leaves': 28, 'colsample_bytree': 0.6101317496869172, 'learning_rate': 0.024690290153905003, 'n_estimators': 1828, 'min_child_samples': 38, 'reg_alpha': 0.4731683616786163, 'reg_lambda': 2.701395663451651}. Best is trial 1 with value: 1.2042952078920461.
[I 2025-12-01 19:41:28,836] Trial 3 finished with value: 1.2351113561217535 and parameters: {'max_depth': 6, 'num_leaves': 34, 'colsample_bytree': 0.5704181719294691, 'learning_rate': 0.026477805564198147, 'n_estimators': 1371, 'min_child_samples': 48, 'reg_alpha': 5.59171266307039, 'reg_lambda': 1.9377124948711504}. Best is trial 1 with value: 1.2042952078920461.
[I 2025-12-01 19:42:00,306] Trial 4 finished with value: 1.4990357467623363 and parameters: {'max_depth': 6, 'num_leaves': 27, 'colsample_bytree': 0.5000412251985971, 'learning_rate': 0.028881421651383552, 'n_estimators': 1566, 'min_child_samples': 48, 'reg_alpha': 0.2614633346984912, 'reg_lambda': 3.6792443693975674}. Best is trial 1 with value: 1.2042952078920461.
    Best Oracle Error Log Loss for COHORT_LPA_ALL: 1.2043

  - Tuning Head: COHORT_GRID_ALL (5 trials) on Weighted Oracle Error...
[I 2025-12-01 19:42:00,309] A new study created in memory with name: no-name-11f38147-dba3-41df-97e1-389c61860f6c
[I 2025-12-01 19:43:05,915] Trial 0 finished with value: 1.1451049079510969 and parameters: {'max_depth': 12, 'num_leaves': 125, 'colsample_bytree': 0.5788493306625782, 'learning_rate': 0.009666677269079578, 'n_estimators': 1833, 'min_child_samples': 29, 'reg_alpha': 6.5338825698899115, 'reg_lambda': 0.0424622976969264}. Best is trial 0 with value: 1.1451049079510969.
[I 2025-12-01 19:43:26,416] Trial 1 finished with value: 1.1574175627636805 and parameters: {'max_depth': 12, 'num_leaves': 73, 'colsample_bytree': 0.5471414148397513, 'learning_rate': 0.042285076078781875, 'n_estimators': 1135, 'min_child_samples': 27, 'reg_alpha': 4.535614554463658, 'reg_lambda': 0.5592284503298497}. Best is trial 0 with value: 1.1451049079510969.
[I 2025-12-01 19:44:05,143] Trial 2 finished with value: 1.1321533617767996 and parameters: {'max_depth': 14, 'num_leaves': 67, 'colsample_bytree': 0.5800973113046247, 'learning_rate': 0.007531126560966379, 'n_estimators': 616, 'min_child_samples': 37, 'reg_alpha': 0.7140833210917693, 'reg_lambda': 1.860982516299849}. Best is trial 2 with value: 1.1321533617767996.
[I 2025-12-01 19:45:08,885] Trial 3 finished with value: 1.133149179339113 and parameters: {'max_depth': 12, 'num_leaves': 50, 'colsample_bytree': 0.4893042982974536, 'learning_rate': 0.0059546056632611335, 'n_estimators': 1272, 'min_child_samples': 37, 'reg_alpha': 6.370826951131308, 'reg_lambda': 2.422884701135042}. Best is trial 2 with value: 1.1321533617767996.
[I 2025-12-01 19:45:29,907] Trial 4 finished with value: 1.2142869403022618 and parameters: {'max_depth': 11, 'num_leaves': 96, 'colsample_bytree': 0.3833919437437198, 'learning_rate': 0.04015085468581859, 'n_estimators': 876, 'min_child_samples': 28, 'reg_alpha': 2.3303827431628696, 'reg_lambda': 0.1379200602009277}. Best is trial 2 with value: 1.1321533617767996.
    Best Oracle Error Log Loss for COHORT_GRID_ALL: 1.1322

  - Tuning Head: COHORT_ENV_ALL (5 trials) on Weighted Oracle Error...
[I 2025-12-01 19:45:29,909] A new study created in memory with name: no-name-030e61b8-473d-400a-b44f-157706e9e1b0
[I 2025-12-01 19:45:53,727] Trial 0 finished with value: 1.340629109386252 and parameters: {'max_depth': 7, 'num_leaves': 47, 'colsample_bytree': 0.4684764643867764, 'learning_rate': 0.031922190916947625, 'n_estimators': 888, 'min_child_samples': 32, 'reg_alpha': 9.704221718492786, 'reg_lambda': 1.5987241742496763}. Best is trial 0 with value: 1.340629109386252.
[I 2025-12-01 19:46:53,864] Trial 1 finished with value: 1.570707149362033 and parameters: {'max_depth': 7, 'num_leaves': 36, 'colsample_bytree': 0.4107749227282641, 'learning_rate': 0.024262233795019895, 'n_estimators': 1838, 'min_child_samples': 29, 'reg_alpha': 1.0573329091107055, 'reg_lambda': 0.5575174904752365}. Best is trial 0 with value: 1.340629109386252.
[I 2025-12-01 19:47:16,989] Trial 2 finished with value: 1.584115262177446 and parameters: {'max_depth': 7, 'num_leaves': 109, 'colsample_bytree': 0.4483214342345295, 'learning_rate': 0.04224089034169075, 'n_estimators': 569, 'min_child_samples': 46, 'reg_alpha': 0.31006516772388704, 'reg_lambda': 1.1000690881900905}. Best is trial 0 with value: 1.340629109386252.
[I 2025-12-01 19:48:10,414] Trial 3 finished with value: 1.911970502046131 and parameters: {'max_depth': 12, 'num_leaves': 79, 'colsample_bytree': 0.3724477172841165, 'learning_rate': 0.03894018544390222, 'n_estimators': 1238, 'min_child_samples': 31, 'reg_alpha': 0.1446691699385532, 'reg_lambda': 0.29604368499089284}. Best is trial 0 with value: 1.340629109386252.
[I 2025-12-01 19:49:21,401] Trial 4 finished with value: 1.324131955309596 and parameters: {'max_depth': 13, 'num_leaves': 78, 'colsample_bytree': 0.3502546263652548, 'learning_rate': 0.011190286942316803, 'n_estimators': 1855, 'min_child_samples': 27, 'reg_alpha': 5.804016728285809, 'reg_lambda': 0.8888732672359969}. Best is trial 4 with value: 1.324131955309596.
    Best Oracle Error Log Loss for COHORT_ENV_ALL: 1.3241

  - Tuning Head: COHORT_SOCIO_ECONOMIC_ALL (5 trials) on Weighted Oracle Error...
[I 2025-12-01 19:49:21,403] A new study created in memory with name: no-name-37e1bc30-d407-4685-9fca-fb32d3e39146
[I 2025-12-01 19:50:07,418] Trial 0 finished with value: 1.4038188527908628 and parameters: {'max_depth': 7, 'num_leaves': 16, 'colsample_bytree': 0.7179194549223729, 'learning_rate': 0.005685812153900233, 'n_estimators': 1956, 'min_child_samples': 38, 'reg_alpha': 8.0742810731668, 'reg_lambda': 1.2989421843206461}. Best is trial 0 with value: 1.4038188527908628.
[I 2025-12-01 19:50:51,611] Trial 1 finished with value: 1.4470825745526734 and parameters: {'max_depth': 8, 'num_leaves': 34, 'colsample_bytree': 0.7364132856363783, 'learning_rate': 0.009131173689953143, 'n_estimators': 1733, 'min_child_samples': 46, 'reg_alpha': 2.643899547711336, 'reg_lambda': 0.5723346640159243}. Best is trial 0 with value: 1.4038188527908628.
[I 2025-12-01 19:51:06,381] Trial 2 finished with value: 1.6604383198094013 and parameters: {'max_depth': 6, 'num_leaves': 40, 'colsample_bytree': 0.5620123762331721, 'learning_rate': 0.041748929206086256, 'n_estimators': 624, 'min_child_samples': 28, 'reg_alpha': 0.6401477452506785, 'reg_lambda': 0.15008461998101247}. Best is trial 0 with value: 1.4038188527908628.
[I 2025-12-01 19:51:22,567] Trial 3 finished with value: 1.5439313226086537 and parameters: {'max_depth': 7, 'num_leaves': 16, 'colsample_bytree': 0.667044468271884, 'learning_rate': 0.03734352330410675, 'n_estimators': 743, 'min_child_samples': 46, 'reg_alpha': 1.7079328066979478, 'reg_lambda': 1.351813636191522}. Best is trial 0 with value: 1.4038188527908628.
[I 2025-12-01 19:51:58,272] Trial 4 finished with value: 1.4439188499776479 and parameters: {'max_depth': 7, 'num_leaves': 25, 'colsample_bytree': 0.5737745679731847, 'learning_rate': 0.007715182067092919, 'n_estimators': 1596, 'min_child_samples': 45, 'reg_alpha': 1.059064202349476, 'reg_lambda': 0.010488802616351704}. Best is trial 0 with value: 1.4038188527908628.
    Best Oracle Error Log Loss for COHORT_SOCIO_ECONOMIC_ALL: 1.4038

  - Tuning Head: COHORT_NATIONAL_PROXY_ALL (5 trials) on Weighted Oracle Error...
[I 2025-12-01 19:51:58,274] A new study created in memory with name: no-name-4505c421-db22-499b-9652-b9f87beb84f1
[I 2025-12-01 19:52:25,292] Trial 0 finished with value: 1.3913856017540063 and parameters: {'max_depth': 5, 'num_leaves': 15, 'colsample_bytree': 0.7811987110121554, 'learning_rate': 0.009862767561602976, 'n_estimators': 1269, 'min_child_samples': 46, 'reg_alpha': 0.39169066836919186, 'reg_lambda': 4.490417359167432}. Best is trial 0 with value: 1.3913856017540063.
[I 2025-12-01 19:52:45,608] Trial 1 finished with value: 1.5284233528904427 and parameters: {'max_depth': 4, 'num_leaves': 33, 'colsample_bytree': 0.6436817647260675, 'learning_rate': 0.028152130104729847, 'n_estimators': 1144, 'min_child_samples': 48, 'reg_alpha': 0.5802123693570437, 'reg_lambda': 0.010586192579938926}. Best is trial 0 with value: 1.3913856017540063.
[I 2025-12-01 19:53:07,750] Trial 2 finished with value: 1.7100387693389845 and parameters: {'max_depth': 8, 'num_leaves': 18, 'colsample_bytree': 0.7239831407441746, 'learning_rate': 0.03753551981904461, 'n_estimators': 779, 'min_child_samples': 24, 'reg_alpha': 0.3659877632582243, 'reg_lambda': 0.06572950079241487}. Best is trial 0 with value: 1.3913856017540063.
[I 2025-12-01 19:53:30,475] Trial 3 finished with value: 1.4089913233082512 and parameters: {'max_depth': 4, 'num_leaves': 36, 'colsample_bytree': 0.5075595018700453, 'learning_rate': 0.028946334326001355, 'n_estimators': 1398, 'min_child_samples': 44, 'reg_alpha': 4.932254237648302, 'reg_lambda': 0.9561623695113746}. Best is trial 0 with value: 1.3913856017540063.
