[I 2025-12-04 21:01:35,907] Trial 12 finished with value: 86.12416772673686 and parameters: {'n_estimators': 200, 'learning_rate': 0.024804866672991765, 'num_leaves': 21, 'max_depth': 4, 'colsample_bytree': 0.6519228491178083, 'subsample': 0.8008558716288833, 'reg_alpha': 8.254490498082584, 'reg_lambda': 1.0303998798595917, 'min_child_samples': 16}. Best is trial 1 with value: 85.26288947801392.
[I 2025-12-04 21:01:35,940] Trial 13 finished with value: 86.94646324042463 and parameters: {'n_estimators': 200, 'learning_rate': 0.021321747522793515, 'num_leaves': 19, 'max_depth': 5, 'colsample_bytree': 0.6761618393500259, 'subsample': 0.5285638254720489, 'reg_alpha': 11.36654433727131, 'reg_lambda': 4.529481081015834, 'min_child_samples': 21}. Best is trial 1 with value: 85.26288947801392.
[I 2025-12-04 21:01:35,971] Trial 14 finished with value: 86.84267133840737 and parameters: {'n_estimators': 184, 'learning_rate': 0.021971239058080017, 'num_leaves': 19, 'max_depth': 4, 'colsample_bytree': 0.7601776273690817, 'subsample': 0.7098181707765011, 'reg_alpha': 4.965023045054365, 'reg_lambda': 4.526088797385317, 'min_child_samples': 20}. Best is trial 1 with value: 85.26288947801392.
[I 2025-12-04 21:01:36,010] Trial 15 finished with value: 81.41166963341415 and parameters: {'n_estimators': 349, 'learning_rate': 0.011295828053710957, 'num_leaves': 21, 'max_depth': 5, 'colsample_bytree': 0.6393999083820481, 'subsample': 0.7924837199333742, 'reg_alpha': 1.7529399117279085, 'reg_lambda': 7.488592229572833, 'min_child_samples': 29}. Best is trial 15 with value: 81.41166963341415.
[I 2025-12-04 21:01:36,038] Trial 16 finished with value: 74.9294665521664 and parameters: {'n_estimators': 455, 'learning_rate': 0.01028886590169914, 'num_leaves': 31, 'max_depth': 5, 'colsample_bytree': 0.7352942257675738, 'subsample': 0.8451672543469071, 'reg_alpha': 1.5558588035189433, 'reg_lambda': 7.1514032358398625, 'min_child_samples': 30}. Best is trial 16 with value: 74.9294665521664.
[I 2025-12-04 21:01:36,069] Trial 17 finished with value: 74.9294665521664 and parameters: {'n_estimators': 473, 'learning_rate': 0.011217400189342128, 'num_leaves': 26, 'max_depth': 5, 'colsample_bytree': 0.7454096058946127, 'subsample': 0.7125531635872279, 'reg_alpha': 1.3440582719056637, 'reg_lambda': 18.39144825523095, 'min_child_samples': 30}. Best is trial 16 with value: 74.9294665521664.
[I 2025-12-04 21:01:36,118] Trial 18 finished with value: 81.27797951461592 and parameters: {'n_estimators': 475, 'learning_rate': 0.010045972004017663, 'num_leaves': 26, 'max_depth': 5, 'colsample_bytree': 0.7349225208463459, 'subsample': 0.706838407920044, 'reg_alpha': 1.0032705907812358, 'reg_lambda': 17.42840877748142, 'min_child_samples': 29}. Best is trial 16 with value: 74.9294665521664.
[I 2025-12-04 21:01:36,141] Trial 19 finished with value: 74.9294665521664 and parameters: {'n_estimators': 424, 'learning_rate': 0.014750695679599286, 'num_leaves': 29, 'max_depth': 4, 'colsample_bytree': 0.7321880377113804, 'subsample': 0.6366277574794706, 'reg_alpha': 1.5333173037827754, 'reg_lambda': 15.0388873271912, 'min_child_samples': 30}. Best is trial 16 with value: 74.9294665521664.
[I 2025-12-04 21:01:36,184] Trial 20 finished with value: 87.51087912185172 and parameters: {'n_estimators': 409, 'learning_rate': 0.014603380258481131, 'num_leaves': 28, 'max_depth': 5, 'colsample_bytree': 0.7850039664028398, 'subsample': 0.5009416463827409, 'reg_alpha': 1.8831610028683141, 'reg_lambda': 5.561919382984337, 'min_child_samples': 26}. Best is trial 16 with value: 74.9294665521664.
[I 2025-12-04 21:01:36,227] Trial 21 finished with value: 82.66004504099712 and parameters: {'n_estimators': 439, 'learning_rate': 0.015056891607038547, 'num_leaves': 29, 'max_depth': 4, 'colsample_bytree': 0.7293851374356589, 'subsample': 0.6091758291614153, 'reg_alpha': 1.5208285777327895, 'reg_lambda': 15.381108471382412, 'min_child_samples': 29}. Best is trial 16 with value: 74.9294665521664.
[I 2025-12-04 21:01:36,251] Trial 22 finished with value: 74.9294665521664 and parameters: {'n_estimators': 436, 'learning_rate': 0.012953046661298555, 'num_leaves': 29, 'max_depth': 4, 'colsample_bytree': 0.7181400956190045, 'subsample': 0.5927173019821994, 'reg_alpha': 1.444608713896762, 'reg_lambda': 13.477302927812573, 'min_child_samples': 30}. Best is trial 16 with value: 74.9294665521664.
[I 2025-12-04 21:01:36,299] Trial 23 finished with value: 83.95544398112821 and parameters: {'n_estimators': 500, 'learning_rate': 0.010135920154423985, 'num_leaves': 31, 'max_depth': 5, 'colsample_bytree': 0.7562925112218141, 'subsample': 0.6549681033809442, 'reg_alpha': 2.3667820098918297, 'reg_lambda': 9.73872375950935, 'min_child_samples': 27}. Best is trial 16 with value: 74.9294665521664.
[I 2025-12-04 21:01:36,343] Trial 24 finished with value: 89.61116266531967 and parameters: {'n_estimators': 394, 'learning_rate': 0.017249043418672214, 'num_leaves': 27, 'max_depth': 4, 'colsample_bytree': 0.7062196043888133, 'subsample': 0.7306639875449864, 'reg_alpha': 1.2747799611248476, 'reg_lambda': 15.541048743674857, 'min_child_samples': 22}. Best is trial 16 with value: 74.9294665521664.
[I 2025-12-04 21:01:36,388] Trial 25 finished with value: 83.39360168370757 and parameters: {'n_estimators': 439, 'learning_rate': 0.012920122796812589, 'num_leaves': 23, 'max_depth': 5, 'colsample_bytree': 0.7619363844692656, 'subsample': 0.6280554830484235, 'reg_alpha': 2.052607170135774, 'reg_lambda': 19.25959370125921, 'min_child_samples': 27}. Best is trial 16 with value: 74.9294665521664.
[I 2025-12-04 21:01:36,430] Trial 26 finished with value: 96.73270975978159 and parameters: {'n_estimators': 465, 'learning_rate': 0.028056946523571498, 'num_leaves': 24, 'max_depth': 3, 'colsample_bytree': 0.6074029684725094, 'subsample': 0.6724764496382503, 'reg_alpha': 3.142514929702342, 'reg_lambda': 9.607519088956442, 'min_child_samples': 23}. Best is trial 16 with value: 74.9294665521664.
[I 2025-12-04 21:01:36,455] Trial 27 finished with value: 74.9294665521664 and parameters: {'n_estimators': 321, 'learning_rate': 0.011494486006169506, 'num_leaves': 29, 'max_depth': 4, 'colsample_bytree': 0.5271421624554385, 'subsample': 0.5589304732115061, 'reg_alpha': 1.5631995486647534, 'reg_lambda': 3.6423002715914268, 'min_child_samples': 30}. Best is trial 16 with value: 74.9294665521664.
[I 2025-12-04 21:01:36,502] Trial 28 finished with value: 87.67855850456053 and parameters: {'n_estimators': 412, 'learning_rate': 0.01819785140654993, 'num_leaves': 27, 'max_depth': 5, 'colsample_bytree': 0.7467314047946279, 'subsample': 0.6966695639731818, 'reg_alpha': 1.207058650088717, 'reg_lambda': 6.194497140980429, 'min_child_samples': 27}. Best is trial 16 with value: 74.9294665521664.
[I 2025-12-04 21:01:36,546] Trial 29 finished with value: 92.35512450501767 and parameters: {'n_estimators': 456, 'learning_rate': 0.035300740096600475, 'num_leaves': 31, 'max_depth': 5, 'colsample_bytree': 0.7976680882240526, 'subsample': 0.8391015951069899, 'reg_alpha': 2.224549805972078, 'reg_lambda': 14.088163904890026, 'min_child_samples': 28}. Best is trial 16 with value: 74.9294665521664.
[I 2025-12-04 21:01:36,588] Trial 30 finished with value: 85.77014212186081 and parameters: {'n_estimators': 387, 'learning_rate': 0.01414755350809366, 'num_leaves': 17, 'max_depth': 4, 'colsample_bytree': 0.7031781936933422, 'subsample': 0.735975896595688, 'reg_alpha': 2.962096983389872, 'reg_lambda': 11.824054154943335, 'min_child_samples': 25}. Best is trial 16 with value: 74.9294665521664.
[I 2025-12-04 21:01:36,613] Trial 31 finished with value: 74.9294665521664 and parameters: {'n_estimators': 429, 'learning_rate': 0.012573377983654639, 'num_leaves': 29, 'max_depth': 4, 'colsample_bytree': 0.7145525705300573, 'subsample': 0.6053015595529827, 'reg_alpha': 1.4135681247586718, 'reg_lambda': 13.775695891792381, 'min_child_samples': 30}. Best is trial 16 with value: 74.9294665521664.
[I 2025-12-04 21:01:36,643] Trial 32 finished with value: 74.9294665521664 and parameters: {'n_estimators': 485, 'learning_rate': 0.010351042332401746, 'num_leaves': 30, 'max_depth': 4, 'colsample_bytree': 0.6288808246785095, 'subsample': 0.5655757055783652, 'reg_alpha': 1.6716284184225054, 'reg_lambda': 7.904417808271892, 'min_child_samples': 30}. Best is trial 16 with value: 74.9294665521664.
[I 2025-12-04 21:01:36,691] Trial 33 finished with value: 85.49007764706498 and parameters: {'n_estimators': 450, 'learning_rate': 0.016666419704629544, 'num_leaves': 25, 'max_depth': 3, 'colsample_bytree': 0.7717038226433299, 'subsample': 0.622532130913672, 'reg_alpha': 1.0075079445904875, 'reg_lambda': 16.35280126298424, 'min_child_samples': 27}. Best is trial 16 with value: 74.9294665521664.
[I 2025-12-04 21:01:36,735] Trial 34 finished with value: 84.3944373068059 and parameters: {'n_estimators': 416, 'learning_rate': 0.01355810520872083, 'num_leaves': 28, 'max_depth': 4, 'colsample_bytree': 0.7216591764150233, 'subsample': 0.5887654897650481, 'reg_alpha': 1.443816259899999, 'reg_lambda': 11.873001430633495, 'min_child_samples': 28}. Best is trial 16 with value: 74.9294665521664.
[I 2025-12-04 21:01:36,771] Trial 35 finished with value: 86.3957661187478 and parameters: {'n_estimators': 314, 'learning_rate': 0.01954448613129695, 'num_leaves': 27, 'max_depth': 3, 'colsample_bytree': 0.6828376193624831, 'subsample': 0.684671039375788, 'reg_alpha': 1.227891046663361, 'reg_lambda': 13.383785591410573, 'min_child_samples': 25}. Best is trial 16 with value: 74.9294665521664.
[I 2025-12-04 21:01:36,845] Trial 36 finished with value: 87.35435181234118 and parameters: {'n_estimators': 496, 'learning_rate': 0.01142725148060408, 'num_leaves': 7, 'max_depth': 5, 'colsample_bytree': 0.7450666514405261, 'subsample': 0.6401679159113534, 'reg_alpha': 4.395004853470907, 'reg_lambda': 10.846528245257227, 'min_child_samples': 12}. Best is trial 16 with value: 74.9294665521664.
[I 2025-12-04 21:01:36,887] Trial 37 finished with value: 85.92298742011762 and parameters: {'n_estimators': 367, 'learning_rate': 0.013675567231594816, 'num_leaves': 30, 'max_depth': 5, 'colsample_bytree': 0.6634692353631296, 'subsample': 0.77057564667208, 'reg_alpha': 1.9718566640170954, 'reg_lambda': 8.180170730604925, 'min_child_samples': 24}. Best is trial 16 with value: 74.9294665521664.
[I 2025-12-04 21:01:36,912] Trial 38 finished with value: 74.9294665521664 and parameters: {'n_estimators': 463, 'learning_rate': 0.057678984251154655, 'num_leaves': 22, 'max_depth': 4, 'colsample_bytree': 0.5806211887123772, 'subsample': 0.545398512731661, 'reg_alpha': 2.5835701210623303, 'reg_lambda': 3.573724365125747, 'min_child_samples': 30}. Best is trial 16 with value: 74.9294665521664.
[I 2025-12-04 21:01:36,959] Trial 39 finished with value: 84.17160795258958 and parameters: {'n_estimators': 390, 'learning_rate': 0.015934671300489915, 'num_leaves': 25, 'max_depth': 4, 'colsample_bytree': 0.7766507832329724, 'subsample': 0.5790838573056063, 'reg_alpha': 1.3927814893737474, 'reg_lambda': 17.314230339314975, 'min_child_samples': 28}. Best is trial 16 with value: 74.9294665521664.
[I 2025-12-04 21:01:37,004] Trial 40 finished with value: 90.05863031108493 and parameters: {'n_estimators': 424, 'learning_rate': 0.011194704867983891, 'num_leaves': 28, 'max_depth': 2, 'colsample_bytree': 0.7062518916739742, 'subsample': 0.8626686010007973, 'reg_alpha': 3.640762261508421, 'reg_lambda': 1.9979949376847403, 'min_child_samples': 23}. Best is trial 16 with value: 74.9294665521664.
[I 2025-12-04 21:01:37,030] Trial 41 finished with value: 74.9294665521664 and parameters: {'n_estimators': 343, 'learning_rate': 0.01186764720490627, 'num_leaves': 30, 'max_depth': 4, 'colsample_bytree': 0.5337654888680051, 'subsample': 0.5373308461327896, 'reg_alpha': 1.6576630747783618, 'reg_lambda': 4.116170504930039, 'min_child_samples': 30}. Best is trial 16 with value: 74.9294665521664.
[I 2025-12-04 21:01:37,074] Trial 42 finished with value: 81.17635354644307 and parameters: {'n_estimators': 303, 'learning_rate': 0.011169261857309539, 'num_leaves': 29, 'max_depth': 4, 'colsample_bytree': 0.5089609383702782, 'subsample': 0.5930938386449834, 'reg_alpha': 1.680816989743319, 'reg_lambda': 3.5394649699097864, 'min_child_samples': 29}. Best is trial 16 with value: 74.9294665521664.
[I 2025-12-04 21:01:37,117] Trial 43 finished with value: 83.90369944595683 and parameters: {'n_estimators': 240, 'learning_rate': 0.012789846416989412, 'num_leaves': 31, 'max_depth': 3, 'colsample_bytree': 0.537735160105682, 'subsample': 0.5601245767958227, 'reg_alpha': 1.0724686251165476, 'reg_lambda': 3.2390957267107625, 'min_child_samples': 26}. Best is trial 16 with value: 74.9294665521664.
[I 2025-12-04 21:01:37,147] Trial 44 finished with value: 74.9294665521664 and parameters: {'n_estimators': 446, 'learning_rate': 0.015935266551800293, 'num_leaves': 28, 'max_depth': 4, 'colsample_bytree': 0.43934769183190325, 'subsample': 0.8229458230777146, 'reg_alpha': 1.29930853651981, 'reg_lambda': 7.03085129590178, 'min_child_samples': 30}. Best is trial 16 with value: 74.9294665521664.
[I 2025-12-04 21:01:37,211] Trial 45 finished with value: 87.75257247426643 and parameters: {'n_estimators': 471, 'learning_rate': 0.014064555201609099, 'num_leaves': 25, 'max_depth': 5, 'colsample_bytree': 0.611278489671302, 'subsample': 0.5141044914770461, 'reg_alpha': 2.16904565657181, 'reg_lambda': 2.0411837210170987, 'min_child_samples': 28}. Best is trial 16 with value: 74.9294665521664.
[I 2025-12-04 21:01:37,262] Trial 46 finished with value: 84.89929780667785 and parameters: {'n_estimators': 376, 'learning_rate': 0.010136193570278323, 'num_leaves': 30, 'max_depth': 4, 'colsample_bytree': 0.6932546432244535, 'subsample': 0.6300251985631773, 'reg_alpha': 2.6904516060424157, 'reg_lambda': 5.013747384986453, 'min_child_samples': 26}. Best is trial 16 with value: 74.9294665521664.
[I 2025-12-04 21:01:37,308] Trial 47 finished with value: 88.4708241902509 and parameters: {'n_estimators': 322, 'learning_rate': 0.019991606177821673, 'num_leaves': 27, 'max_depth': 5, 'colsample_bytree': 0.40773916851317515, 'subsample': 0.5628194588412047, 'reg_alpha': 1.5473271965886828, 'reg_lambda': 2.882604348329969, 'min_child_samples': 19}. Best is trial 16 with value: 74.9294665521664.
[I 2025-12-04 21:01:37,351] Trial 48 finished with value: 82.82394530664148 and parameters: {'n_estimators': 244, 'learning_rate': 0.024926828258161417, 'num_leaves': 29, 'max_depth': 3, 'colsample_bytree': 0.5546540533191245, 'subsample': 0.6114810179968773, 'reg_alpha': 5.967994171231448, 'reg_lambda': 9.540924216759478, 'min_child_samples': 29}. Best is trial 16 with value: 74.9294665521664.
[I 2025-12-04 21:01:37,417] Trial 49 finished with value: 81.71197069231133 and parameters: {'n_estimators': 265, 'learning_rate': 0.01221479557474151, 'num_leaves': 26, 'max_depth': 4, 'colsample_bytree': 0.4927217839610054, 'subsample': 0.6782732593070624, 'reg_alpha': 1.9084157873011092, 'reg_lambda': 19.39309140268148, 'min_child_samples': 13}. Best is trial 16 with value: 74.9294665521664.
    - Best RMSE: 74.9295
  - GM Stratum Large_30_40: 31 samples.
[I 2025-12-04 21:01:37,457] A new study created in memory with name: no-name-c4c1de19-46b1-4235-88fd-d7d0b6c0b767
[I 2025-12-04 21:01:37,481] Trial 0 finished with value: 196.2002198495775 and parameters: {'n_estimators': 309, 'learning_rate': 0.054264054333025356, 'num_leaves': 25, 'max_depth': 4, 'colsample_bytree': 0.41608717925800165, 'subsample': 0.5451783652583608, 'reg_alpha': 8.821047553676129, 'reg_lambda': 2.5614526538974833, 'min_child_samples': 9}. Best is trial 0 with value: 196.2002198495775.
[I 2025-12-04 21:01:37,492] Trial 1 finished with value: 133.8364306424956 and parameters: {'n_estimators': 271, 'learning_rate': 0.010609409861915945, 'num_leaves': 30, 'max_depth': 2, 'colsample_bytree': 0.6330943517139489, 'subsample': 0.501732531762816, 'reg_alpha': 3.64639121899633, 'reg_lambda': 10.474369024958722, 'min_child_samples': 21}. Best is trial 1 with value: 133.8364306424956.
[I 2025-12-04 21:01:37,500] Trial 2 finished with value: 133.8364306424956 and parameters: {'n_estimators': 197, 'learning_rate': 0.016911959731289526, 'num_leaves': 24, 'max_depth': 2, 'colsample_bytree': 0.752902457188499, 'subsample': 0.8090849721166284, 'reg_alpha': 8.086925292508054, 'reg_lambda': 1.3860941285528232, 'min_child_samples': 15}. Best is trial 1 with value: 133.8364306424956.
[I 2025-12-04 21:01:37,509] Trial 3 finished with value: 133.8364306424956 and parameters: {'n_estimators': 212, 'learning_rate': 0.0443274808409022, 'num_leaves': 17, 'max_depth': 2, 'colsample_bytree': 0.41599802469623187, 'subsample': 0.554297950176427, 'reg_alpha': 11.715458299861453, 'reg_lambda': 5.874111522025097, 'min_child_samples': 30}. Best is trial 1 with value: 133.8364306424956.
[I 2025-12-04 21:01:37,518] Trial 4 finished with value: 133.8364306424956 and parameters: {'n_estimators': 208, 'learning_rate': 0.0989964995231393, 'num_leaves': 25, 'max_depth': 5, 'colsample_bytree': 0.5887017123612105, 'subsample': 0.7605608605220231, 'reg_alpha': 1.2560542053207282, 'reg_lambda': 5.639641520262212, 'min_child_samples': 13}. Best is trial 1 with value: 133.8364306424956.
[I 2025-12-04 21:01:37,526] Trial 5 finished with value: 133.8364306424956 and parameters: {'n_estimators': 141, 'learning_rate': 0.07064260391395136, 'num_leaves': 15, 'max_depth': 3, 'colsample_bytree': 0.4835932466286287, 'subsample': 0.7932393309577447, 'reg_alpha': 1.6852050912005088, 'reg_lambda': 2.2872272889280647, 'min_child_samples': 13}. Best is trial 1 with value: 133.8364306424956.
[I 2025-12-04 21:01:37,536] Trial 6 finished with value: 133.8364306424956 and parameters: {'n_estimators': 255, 'learning_rate': 0.013219027751909886, 'num_leaves': 24, 'max_depth': 4, 'colsample_bytree': 0.7255413070849853, 'subsample': 0.6260191427057833, 'reg_alpha': 5.198044918605463, 'reg_lambda': 15.447863694839727, 'min_child_samples': 25}. Best is trial 1 with value: 133.8364306424956.
[I 2025-12-04 21:01:37,568] Trial 7 finished with value: 155.97535037952665 and parameters: {'n_estimators': 303, 'learning_rate': 0.018682208655087528, 'num_leaves': 10, 'max_depth': 3, 'colsample_bytree': 0.7794452593604999, 'subsample': 0.7422252348174021, 'reg_alpha': 1.818721328383022, 'reg_lambda': 12.850090053167742, 'min_child_samples': 9}. Best is trial 1 with value: 133.8364306424956.
[I 2025-12-04 21:01:37,598] Trial 8 finished with value: 150.354948085254 and parameters: {'n_estimators': 252, 'learning_rate': 0.016603388069203473, 'num_leaves': 27, 'max_depth': 4, 'colsample_bytree': 0.6407481291357694, 'subsample': 0.7773296313955462, 'reg_alpha': 11.777238213545427, 'reg_lambda': 5.305120423479019, 'min_child_samples': 5}. Best is trial 1 with value: 133.8364306424956.
[I 2025-12-04 21:01:37,607] Trial 9 finished with value: 133.8364306424956 and parameters: {'n_estimators': 259, 'learning_rate': 0.029227694590414955, 'num_leaves': 13, 'max_depth': 2, 'colsample_bytree': 0.4268944575700634, 'subsample': 0.757862487762879, 'reg_alpha': 4.547577722188868, 'reg_lambda': 3.3454094818885793, 'min_child_samples': 20}. Best is trial 1 with value: 133.8364306424956.
[I 2025-12-04 21:01:37,631] Trial 10 finished with value: 133.8364306424956 and parameters: {'n_estimators': 434, 'learning_rate': 0.010864855588334159, 'num_leaves': 31, 'max_depth': 3, 'colsample_bytree': 0.5868399126703077, 'subsample': 0.6611903216719202, 'reg_alpha': 2.989550434786455, 'reg_lambda': 10.31859627962205, 'min_child_samples': 21}. Best is trial 1 with value: 133.8364306424956.
[I 2025-12-04 21:01:37,658] Trial 11 finished with value: 133.8364306424956 and parameters: {'n_estimators': 385, 'learning_rate': 0.02289909683931728, 'num_leaves': 31, 'max_depth': 2, 'colsample_bytree': 0.6837718459348211, 'subsample': 0.8554561140248411, 'reg_alpha': 6.6256604511517985, 'reg_lambda': 1.058252596623394, 'min_child_samples': 17}. Best is trial 1 with value: 133.8364306424956.
[I 2025-12-04 21:01:37,679] Trial 12 finished with value: 133.8364306424956 and parameters: {'n_estimators': 111, 'learning_rate': 0.010252246488977542, 'num_leaves': 21, 'max_depth': 2, 'colsample_bytree': 0.7973809282514956, 'subsample': 0.8841727840202058, 'reg_alpha': 19.11152964299852, 'reg_lambda': 1.018709670400661, 'min_child_samples': 23}. Best is trial 1 with value: 133.8364306424956.
[I 2025-12-04 21:01:37,704] Trial 13 finished with value: 133.8364306424956 and parameters: {'n_estimators': 362, 'learning_rate': 0.015050127140876397, 'num_leaves': 21, 'max_depth': 2, 'colsample_bytree': 0.5315205658123063, 'subsample': 0.5001267082672695, 'reg_alpha': 2.8769886604570316, 'reg_lambda': 1.7232606250357934, 'min_child_samples': 17}. Best is trial 1 with value: 133.8364306424956.
[I 2025-12-04 21:01:37,727] Trial 14 finished with value: 133.8364306424956 and parameters: {'n_estimators': 172, 'learning_rate': 0.027155790237005806, 'num_leaves': 29, 'max_depth': 3, 'colsample_bytree': 0.723795059824791, 'subsample': 0.6863977793862468, 'reg_alpha': 2.781392656699773, 'reg_lambda': 9.309405051084656, 'min_child_samples': 28}. Best is trial 1 with value: 133.8364306424956.
[I 2025-12-04 21:01:37,752] Trial 15 finished with value: 133.8364306424956 and parameters: {'n_estimators': 350, 'learning_rate': 0.02196535749359929, 'num_leaves': 21, 'max_depth': 5, 'colsample_bytree': 0.6596442265578037, 'subsample': 0.8354999613526788, 'reg_alpha': 7.118159277651751, 'reg_lambda': 7.6855904476311565, 'min_child_samples': 14}. Best is trial 1 with value: 133.8364306424956.
