[I 2025-12-04 21:01:34,033] Trial 8 finished with value: 58.18446889165139 and parameters: {'n_estimators': 483, 'learning_rate': 0.019174720830737884, 'num_leaves': 19, 'max_depth': 2, 'colsample_bytree': 0.6115745116890859, 'subsample': 0.7019455296887745, 'reg_alpha': 1.878248623681122, 'reg_lambda': 6.460757167818721, 'min_child_samples': 25}. Best is trial 1 with value: 58.18446889165139.
[I 2025-12-04 21:01:34,074] Trial 9 finished with value: 76.2417844237728 and parameters: {'n_estimators': 459, 'learning_rate': 0.020243905203759047, 'num_leaves': 9, 'max_depth': 2, 'colsample_bytree': 0.7094861834522022, 'subsample': 0.6238305526962178, 'reg_alpha': 6.244463193377674, 'reg_lambda': 11.92525363338972, 'min_child_samples': 13}. Best is trial 1 with value: 58.18446889165139.
[I 2025-12-04 21:01:34,096] Trial 10 finished with value: 58.18446889165139 and parameters: {'n_estimators': 248, 'learning_rate': 0.07966280028097948, 'num_leaves': 22, 'max_depth': 5, 'colsample_bytree': 0.5096858070457888, 'subsample': 0.7733320304164605, 'reg_alpha': 3.7267390399775997, 'reg_lambda': 1.0739169977121723, 'min_child_samples': 30}. Best is trial 1 with value: 58.18446889165139.
[I 2025-12-04 21:01:34,136] Trial 11 finished with value: 81.72456064924918 and parameters: {'n_estimators': 308, 'learning_rate': 0.08456838908153896, 'num_leaves': 14, 'max_depth': 5, 'colsample_bytree': 0.6630712120320722, 'subsample': 0.5175801680458529, 'reg_alpha': 1.0305969296231619, 'reg_lambda': 1.125296323883557, 'min_child_samples': 21}. Best is trial 1 with value: 58.18446889165139.
[I 2025-12-04 21:01:34,160] Trial 12 finished with value: 58.18446889165139 and parameters: {'n_estimators': 394, 'learning_rate': 0.052579040104121816, 'num_leaves': 13, 'max_depth': 4, 'colsample_bytree': 0.5354449482833726, 'subsample': 0.520774868926153, 'reg_alpha': 1.9959720998774666, 'reg_lambda': 1.5637682999402036, 'min_child_samples': 30}. Best is trial 1 with value: 58.18446889165139.
[I 2025-12-04 21:01:34,184] Trial 13 finished with value: 58.18446889165139 and parameters: {'n_estimators': 484, 'learning_rate': 0.061954494510430363, 'num_leaves': 31, 'max_depth': 4, 'colsample_bytree': 0.7740518956212051, 'subsample': 0.7505309240072566, 'reg_alpha': 9.551673466563349, 'reg_lambda': 3.350100366981093, 'min_child_samples': 26}. Best is trial 1 with value: 58.18446889165139.
[I 2025-12-04 21:01:34,220] Trial 14 finished with value: 73.08781759054297 and parameters: {'n_estimators': 232, 'learning_rate': 0.09440312070322568, 'num_leaves': 11, 'max_depth': 5, 'colsample_bytree': 0.6061051262918471, 'subsample': 0.5648046771687739, 'reg_alpha': 4.048331793404344, 'reg_lambda': 2.7070668914744593, 'min_child_samples': 18}. Best is trial 1 with value: 58.18446889165139.
[I 2025-12-04 21:01:34,246] Trial 15 finished with value: 58.18446889165139 and parameters: {'n_estimators': 402, 'learning_rate': 0.01051318303921968, 'num_leaves': 17, 'max_depth': 4, 'colsample_bytree': 0.41053192958015683, 'subsample': 0.796082658243319, 'reg_alpha': 1.6784466469365684, 'reg_lambda': 7.828692547293358, 'min_child_samples': 25}. Best is trial 1 with value: 58.18446889165139.
[I 2025-12-04 21:01:34,296] Trial 16 finished with value: 73.98670375171993 and parameters: {'n_estimators': 500, 'learning_rate': 0.06415390742978828, 'num_leaves': 22, 'max_depth': 5, 'colsample_bytree': 0.6732944244051194, 'subsample': 0.7237924606657707, 'reg_alpha': 10.908465790991423, 'reg_lambda': 1.6046291341814733, 'min_child_samples': 18}. Best is trial 1 with value: 58.18446889165139.
[I 2025-12-04 21:01:34,319] Trial 17 finished with value: 58.18446889165139 and parameters: {'n_estimators': 430, 'learning_rate': 0.041634409181832706, 'num_leaves': 7, 'max_depth': 4, 'colsample_bytree': 0.5025519160763701, 'subsample': 0.6267352270365449, 'reg_alpha': 2.9167584608399695, 'reg_lambda': 4.284383867958112, 'min_child_samples': 27}. Best is trial 1 with value: 58.18446889165139.
[I 2025-12-04 21:01:34,361] Trial 18 finished with value: 80.49996528311628 and parameters: {'n_estimators': 349, 'learning_rate': 0.0671918970373457, 'num_leaves': 17, 'max_depth': 3, 'colsample_bytree': 0.5530709175503754, 'subsample': 0.816617373520758, 'reg_alpha': 5.447400550752477, 'reg_lambda': 1.2318947939636953, 'min_child_samples': 21}. Best is trial 1 with value: 58.18446889165139.
[I 2025-12-04 21:01:34,382] Trial 19 finished with value: 58.18446889165139 and parameters: {'n_estimators': 193, 'learning_rate': 0.023927305238952094, 'num_leaves': 12, 'max_depth': 5, 'colsample_bytree': 0.6193671249476985, 'subsample': 0.5527955935779245, 'reg_alpha': 1.2950434741648549, 'reg_lambda': 2.9048354947785477, 'min_child_samples': 23}. Best is trial 1 with value: 58.18446889165139.
[I 2025-12-04 21:01:34,410] Trial 20 finished with value: 58.18446889165139 and parameters: {'n_estimators': 356, 'learning_rate': 0.0483633948246674, 'num_leaves': 10, 'max_depth': 4, 'colsample_bytree': 0.7963192883297405, 'subsample': 0.6566769327297767, 'reg_alpha': 2.7724240289544215, 'reg_lambda': 1.5846665306929442, 'min_child_samples': 28}. Best is trial 1 with value: 58.18446889165139.
[I 2025-12-04 21:01:34,439] Trial 21 finished with value: 58.18446889165139 and parameters: {'n_estimators': 470, 'learning_rate': 0.014694026967607049, 'num_leaves': 19, 'max_depth': 3, 'colsample_bytree': 0.5923900606653981, 'subsample': 0.7118724623361835, 'reg_alpha': 1.6910587375161155, 'reg_lambda': 6.3680852721753585, 'min_child_samples': 24}. Best is trial 1 with value: 58.18446889165139.
[I 2025-12-04 21:01:34,466] Trial 22 finished with value: 58.18446889165139 and parameters: {'n_estimators': 432, 'learning_rate': 0.017142464745804383, 'num_leaves': 16, 'max_depth': 4, 'colsample_bytree': 0.6225266638452539, 'subsample': 0.7396409975747483, 'reg_alpha': 2.128670561091472, 'reg_lambda': 9.1170060907732, 'min_child_samples': 28}. Best is trial 1 with value: 58.18446889165139.
[I 2025-12-04 21:01:34,514] Trial 23 finished with value: 67.36003250570192 and parameters: {'n_estimators': 500, 'learning_rate': 0.010306007694583008, 'num_leaves': 19, 'max_depth': 3, 'colsample_bytree': 0.6851915733196027, 'subsample': 0.6782827528208399, 'reg_alpha': 1.3732021688759248, 'reg_lambda': 4.796603573666746, 'min_child_samples': 20}. Best is trial 1 with value: 58.18446889165139.
[I 2025-12-04 21:01:34,540] Trial 24 finished with value: 58.18446889165139 and parameters: {'n_estimators': 429, 'learning_rate': 0.02404339293485916, 'num_leaves': 21, 'max_depth': 5, 'colsample_bytree': 0.586839191124816, 'subsample': 0.6268679631709497, 'reg_alpha': 4.902147084723848, 'reg_lambda': 11.320221370299608, 'min_child_samples': 25}. Best is trial 1 with value: 58.18446889165139.
[I 2025-12-04 21:01:34,602] Trial 25 finished with value: 72.29016009228089 and parameters: {'n_estimators': 467, 'learning_rate': 0.03610073398712215, 'num_leaves': 24, 'max_depth': 4, 'colsample_bytree': 0.6484748931687205, 'subsample': 0.8308383527552139, 'reg_alpha': 1.299879092590478, 'reg_lambda': 6.3382494356656025, 'min_child_samples': 16}. Best is trial 1 with value: 58.18446889165139.
[I 2025-12-04 21:01:34,632] Trial 26 finished with value: 58.18446889165139 and parameters: {'n_estimators': 383, 'learning_rate': 0.013930736832059983, 'num_leaves': 19, 'max_depth': 3, 'colsample_bytree': 0.5469478957561804, 'subsample': 0.6956485583458187, 'reg_alpha': 3.1890630409181333, 'reg_lambda': 3.843719041660439, 'min_child_samples': 29}. Best is trial 1 with value: 58.18446889165139.
[I 2025-12-04 21:01:34,659] Trial 27 finished with value: 58.18446889165139 and parameters: {'n_estimators': 303, 'learning_rate': 0.05567595516702933, 'num_leaves': 23, 'max_depth': 5, 'colsample_bytree': 0.5126956190959436, 'subsample': 0.5005993353141509, 'reg_alpha': 2.297130492223571, 'reg_lambda': 2.2483952930301903, 'min_child_samples': 23}. Best is trial 1 with value: 58.18446889165139.
[I 2025-12-04 21:01:34,686] Trial 28 finished with value: 58.18446889165139 and parameters: {'n_estimators': 433, 'learning_rate': 0.02793572247673086, 'num_leaves': 27, 'max_depth': 4, 'colsample_bytree': 0.6322742840654529, 'subsample': 0.7604007168454913, 'reg_alpha': 1.6220820474440094, 'reg_lambda': 5.82766444197019, 'min_child_samples': 26}. Best is trial 1 with value: 58.18446889165139.
[I 2025-12-04 21:01:34,758] Trial 29 finished with value: 74.17798633145627 and parameters: {'n_estimators': 405, 'learning_rate': 0.036715661071347286, 'num_leaves': 17, 'max_depth': 3, 'colsample_bytree': 0.7306962693496695, 'subsample': 0.6523128912548282, 'reg_alpha': 8.597877783971885, 'reg_lambda': 2.9137955208753152, 'min_child_samples': 5}. Best is trial 1 with value: 58.18446889165139.
[I 2025-12-04 21:01:34,804] Trial 30 finished with value: 86.18146822193138 and parameters: {'n_estimators': 485, 'learning_rate': 0.09779308497416847, 'num_leaves': 29, 'max_depth': 5, 'colsample_bytree': 0.583751998139527, 'subsample': 0.6010499064189865, 'reg_alpha': 3.7002659562577436, 'reg_lambda': 1.3481016797965681, 'min_child_samples': 19}. Best is trial 1 with value: 58.18446889165139.
[I 2025-12-04 21:01:34,830] Trial 31 finished with value: 58.18446889165139 and parameters: {'n_estimators': 264, 'learning_rate': 0.07318024535177155, 'num_leaves': 21, 'max_depth': 5, 'colsample_bytree': 0.5011214396628901, 'subsample': 0.7750270726319037, 'reg_alpha': 12.636392033661414, 'reg_lambda': 1.0004983166772614, 'min_child_samples': 30}. Best is trial 1 with value: 58.18446889165139.
[I 2025-12-04 21:01:34,857] Trial 32 finished with value: 58.18446889165139 and parameters: {'n_estimators': 193, 'learning_rate': 0.08017262251347991, 'num_leaves': 23, 'max_depth': 5, 'colsample_bytree': 0.5297205470398656, 'subsample': 0.7818286629409944, 'reg_alpha': 3.5175983442593077, 'reg_lambda': 1.8170791827741648, 'min_child_samples': 28}. Best is trial 1 with value: 58.18446889165139.
[I 2025-12-04 21:01:34,887] Trial 33 finished with value: 58.18446889165139 and parameters: {'n_estimators': 271, 'learning_rate': 0.07922172327184147, 'num_leaves': 25, 'max_depth': 5, 'colsample_bytree': 0.479488341615026, 'subsample': 0.7221455493251142, 'reg_alpha': 4.599610141650714, 'reg_lambda': 1.3723583286493932, 'min_child_samples': 30}. Best is trial 1 with value: 58.18446889165139.
[I 2025-12-04 21:01:34,915] Trial 34 finished with value: 58.18446889165139 and parameters: {'n_estimators': 217, 'learning_rate': 0.04186071425686263, 'num_leaves': 20, 'max_depth': 4, 'colsample_bytree': 0.5687392660500357, 'subsample': 0.6813544175556735, 'reg_alpha': 6.89325717378847, 'reg_lambda': 2.0550764750660737, 'min_child_samples': 26}. Best is trial 1 with value: 58.18446889165139.
[I 2025-12-04 21:01:34,947] Trial 35 finished with value: 58.18446889165139 and parameters: {'n_estimators': 279, 'learning_rate': 0.05594916183010016, 'num_leaves': 18, 'max_depth': 2, 'colsample_bytree': 0.4307370141748142, 'subsample': 0.8035036230196676, 'reg_alpha': 19.39134628434359, 'reg_lambda': 1.17205040842747, 'min_child_samples': 24}. Best is trial 1 with value: 58.18446889165139.
[I 2025-12-04 21:01:34,976] Trial 36 finished with value: 58.18446889165139 and parameters: {'n_estimators': 147, 'learning_rate': 0.08881810747340864, 'num_leaves': 15, 'max_depth': 5, 'colsample_bytree': 0.6080421222495825, 'subsample': 0.8712104419983531, 'reg_alpha': 2.4620400760872787, 'reg_lambda': 1.0035632595622315, 'min_child_samples': 27}. Best is trial 1 with value: 58.18446889165139.
[I 2025-12-04 21:01:35,007] Trial 37 finished with value: 58.18446889165139 and parameters: {'n_estimators': 369, 'learning_rate': 0.02841001815719258, 'num_leaves': 26, 'max_depth': 2, 'colsample_bytree': 0.6484281921522893, 'subsample': 0.5500794612383806, 'reg_alpha': 1.1353294930087248, 'reg_lambda': 2.401972824550299, 'min_child_samples': 29}. Best is trial 1 with value: 58.18446889165139.
[I 2025-12-04 21:01:35,061] Trial 38 finished with value: 65.04036969155327 and parameters: {'n_estimators': 324, 'learning_rate': 0.018542749157554855, 'num_leaves': 21, 'max_depth': 2, 'colsample_bytree': 0.5663954392218847, 'subsample': 0.6463205766292699, 'reg_alpha': 5.862024329620126, 'reg_lambda': 17.045188066236438, 'min_child_samples': 10}. Best is trial 1 with value: 58.18446889165139.
[I 2025-12-04 21:01:35,111] Trial 39 finished with value: 75.65758108483294 and parameters: {'n_estimators': 450, 'learning_rate': 0.07005921211888085, 'num_leaves': 14, 'max_depth': 3, 'colsample_bytree': 0.4707576109085555, 'subsample': 0.8372065857454392, 'reg_alpha': 1.4653013042193428, 'reg_lambda': 1.8630977514113494, 'min_child_samples': 16}. Best is trial 1 with value: 58.18446889165139.
[I 2025-12-04 21:01:35,134] Trial 40 finished with value: 58.18446889165139 and parameters: {'n_estimators': 245, 'learning_rate': 0.04863464219531621, 'num_leaves': 24, 'max_depth': 4, 'colsample_bytree': 0.5305298019755924, 'subsample': 0.5780683273147583, 'reg_alpha': 2.008271138760245, 'reg_lambda': 5.324492757773044, 'min_child_samples': 23}. Best is trial 1 with value: 58.18446889165139.
[I 2025-12-04 21:01:35,163] Trial 41 finished with value: 58.18446889165139 and parameters: {'n_estimators': 412, 'learning_rate': 0.05398185093879272, 'num_leaves': 12, 'max_depth': 4, 'colsample_bytree': 0.5346981451705889, 'subsample': 0.544164319390705, 'reg_alpha': 1.811637213470967, 'reg_lambda': 1.5523253082893826, 'min_child_samples': 30}. Best is trial 1 with value: 58.18446889165139.
[I 2025-12-04 21:01:35,198] Trial 42 finished with value: 58.18446889165139 and parameters: {'n_estimators': 475, 'learning_rate': 0.046849959849553494, 'num_leaves': 13, 'max_depth': 4, 'colsample_bytree': 0.5566767978215641, 'subsample': 0.532714776863523, 'reg_alpha': 2.5284693317382647, 'reg_lambda': 1.3829691572182983, 'min_child_samples': 27}. Best is trial 1 with value: 58.18446889165139.
[I 2025-12-04 21:01:35,229] Trial 43 finished with value: 58.18446889165139 and parameters: {'n_estimators': 449, 'learning_rate': 0.03739583212923348, 'num_leaves': 10, 'max_depth': 5, 'colsample_bytree': 0.5820012950093514, 'subsample': 0.5012931337620433, 'reg_alpha': 7.5215162866186205, 'reg_lambda': 1.7033877618339746, 'min_child_samples': 29}. Best is trial 1 with value: 58.18446889165139.
[I 2025-12-04 21:01:35,259] Trial 44 finished with value: 58.18446889165139 and parameters: {'n_estimators': 389, 'learning_rate': 0.03263833473840926, 'num_leaves': 8, 'max_depth': 4, 'colsample_bytree': 0.4901191717792332, 'subsample': 0.5310153620699261, 'reg_alpha': 1.951444711468398, 'reg_lambda': 2.443226427839064, 'min_child_samples': 25}. Best is trial 1 with value: 58.18446889165139.
[I 2025-12-04 21:01:35,290] Trial 45 finished with value: 58.18446889165139 and parameters: {'n_estimators': 491, 'learning_rate': 0.06121139693554714, 'num_leaves': 14, 'max_depth': 5, 'colsample_bytree': 0.4524196623167636, 'subsample': 0.5919313068037204, 'reg_alpha': 1.0717687987865052, 'reg_lambda': 8.116464060128347, 'min_child_samples': 28}. Best is trial 1 with value: 58.18446889165139.
[I 2025-12-04 21:01:35,341] Trial 46 finished with value: 65.24699273737971 and parameters: {'n_estimators': 326, 'learning_rate': 0.08800635718628116, 'num_leaves': 16, 'max_depth': 4, 'colsample_bytree': 0.5148233731527313, 'subsample': 0.5720835623214702, 'reg_alpha': 4.127759874738203, 'reg_lambda': 2.0205819332707695, 'min_child_samples': 22}. Best is trial 1 with value: 58.18446889165139.
[I 2025-12-04 21:01:35,373] Trial 47 finished with value: 58.18446889165139 and parameters: {'n_estimators': 460, 'learning_rate': 0.07972481247298784, 'num_leaves': 11, 'max_depth': 3, 'colsample_bytree': 0.6094708208775517, 'subsample': 0.8972295524061903, 'reg_alpha': 5.114937831754832, 'reg_lambda': 1.1849880674999849, 'min_child_samples': 26}. Best is trial 1 with value: 58.18446889165139.
[I 2025-12-04 21:01:35,406] Trial 48 finished with value: 58.18446889165139 and parameters: {'n_estimators': 418, 'learning_rate': 0.09845401665333985, 'num_leaves': 9, 'max_depth': 5, 'colsample_bytree': 0.664466571036997, 'subsample': 0.6113601015546422, 'reg_alpha': 1.1877261981497604, 'reg_lambda': 3.3510041948191276, 'min_child_samples': 30}. Best is trial 1 with value: 58.18446889165139.
[I 2025-12-04 21:01:35,442] Trial 49 finished with value: 58.18446889165139 and parameters: {'n_estimators': 444, 'learning_rate': 0.012457536114195434, 'num_leaves': 18, 'max_depth': 4, 'colsample_bytree': 0.696316035546162, 'subsample': 0.7427862332285662, 'reg_alpha': 1.533312729155851, 'reg_lambda': 4.081113411700241, 'min_child_samples': 27}. Best is trial 1 with value: 58.18446889165139.
    - Best RMSE: 58.1845
  - GM Stratum Large_20_30: 74 samples.
[I 2025-12-04 21:01:35,476] A new study created in memory with name: no-name-c62d93ec-9c9e-4491-bb84-c9acfa9aa38c
[I 2025-12-04 21:01:35,498] Trial 0 finished with value: 89.61138808851223 and parameters: {'n_estimators': 246, 'learning_rate': 0.03867168502427242, 'num_leaves': 7, 'max_depth': 2, 'colsample_bytree': 0.5658609337012723, 'subsample': 0.7554515992885955, 'reg_alpha': 4.8123358750944, 'reg_lambda': 12.5464212736386, 'min_child_samples': 25}. Best is trial 0 with value: 89.61138808851223.
[I 2025-12-04 21:01:35,530] Trial 1 finished with value: 85.26288947801392 and parameters: {'n_estimators': 245, 'learning_rate': 0.018831443540179994, 'num_leaves': 31, 'max_depth': 5, 'colsample_bytree': 0.6589249716287524, 'subsample': 0.8864276411358755, 'reg_alpha': 7.254950859460319, 'reg_lambda': 7.71255498482353, 'min_child_samples': 17}. Best is trial 1 with value: 85.26288947801392.
[I 2025-12-04 21:01:35,567] Trial 2 finished with value: 86.60885462814132 and parameters: {'n_estimators': 257, 'learning_rate': 0.03080203713993787, 'num_leaves': 26, 'max_depth': 3, 'colsample_bytree': 0.6035061538384339, 'subsample': 0.8072812963743626, 'reg_alpha': 7.769258042759895, 'reg_lambda': 1.526275355388213, 'min_child_samples': 14}. Best is trial 1 with value: 85.26288947801392.
[I 2025-12-04 21:01:35,580] Trial 3 finished with value: 92.36333654664426 and parameters: {'n_estimators': 130, 'learning_rate': 0.09161634856365665, 'num_leaves': 14, 'max_depth': 2, 'colsample_bytree': 0.4218674372129745, 'subsample': 0.5837883577346703, 'reg_alpha': 19.171118316052706, 'reg_lambda': 11.324310278027871, 'min_child_samples': 24}. Best is trial 1 with value: 85.26288947801392.
[I 2025-12-04 21:01:35,614] Trial 4 finished with value: 97.42442917335829 and parameters: {'n_estimators': 280, 'learning_rate': 0.043594411467121216, 'num_leaves': 23, 'max_depth': 2, 'colsample_bytree': 0.6818105785697489, 'subsample': 0.7495862244449997, 'reg_alpha': 3.8574521534679405, 'reg_lambda': 2.403990133368327, 'min_child_samples': 7}. Best is trial 1 with value: 85.26288947801392.
[I 2025-12-04 21:01:35,649] Trial 5 finished with value: 94.16673148389265 and parameters: {'n_estimators': 263, 'learning_rate': 0.0758571232486194, 'num_leaves': 11, 'max_depth': 4, 'colsample_bytree': 0.5730436673837296, 'subsample': 0.8767384113308048, 'reg_alpha': 10.621550950455505, 'reg_lambda': 8.858558462672242, 'min_child_samples': 11}. Best is trial 1 with value: 85.26288947801392.
[I 2025-12-04 21:01:35,673] Trial 6 finished with value: 88.75602356053962 and parameters: {'n_estimators': 105, 'learning_rate': 0.049309536625917784, 'num_leaves': 29, 'max_depth': 5, 'colsample_bytree': 0.4525033988316356, 'subsample': 0.7753993297502803, 'reg_alpha': 1.1227454925116094, 'reg_lambda': 2.6546859171929538, 'min_child_samples': 8}. Best is trial 1 with value: 85.26288947801392.
[I 2025-12-04 21:01:35,718] Trial 7 finished with value: 89.22010456484432 and parameters: {'n_estimators': 287, 'learning_rate': 0.015614297403039585, 'num_leaves': 24, 'max_depth': 4, 'colsample_bytree': 0.4736008398680323, 'subsample': 0.663593205190559, 'reg_alpha': 2.4715741290565356, 'reg_lambda': 1.1454257403710273, 'min_child_samples': 7}. Best is trial 1 with value: 85.26288947801392.
[I 2025-12-04 21:01:35,748] Trial 8 finished with value: 105.28646231155017 and parameters: {'n_estimators': 349, 'learning_rate': 0.07479069456797065, 'num_leaves': 15, 'max_depth': 3, 'colsample_bytree': 0.4618941184027707, 'subsample': 0.8447666858827974, 'reg_alpha': 3.021686396998746, 'reg_lambda': 2.6339929221804117, 'min_child_samples': 25}. Best is trial 1 with value: 85.26288947801392.
[I 2025-12-04 21:01:35,766] Trial 9 finished with value: 88.71936442785022 and parameters: {'n_estimators': 147, 'learning_rate': 0.04504128323603583, 'num_leaves': 11, 'max_depth': 2, 'colsample_bytree': 0.49758233999729307, 'subsample': 0.8398271481949932, 'reg_alpha': 15.350755258377527, 'reg_lambda': 11.534358639036682, 'min_child_samples': 6}. Best is trial 1 with value: 85.26288947801392.
[I 2025-12-04 21:01:35,820] Trial 10 finished with value: 87.07684025794815 and parameters: {'n_estimators': 480, 'learning_rate': 0.012247645841940697, 'num_leaves': 31, 'max_depth': 5, 'colsample_bytree': 0.7949799541202198, 'subsample': 0.6502724278080384, 'reg_alpha': 7.085774156262106, 'reg_lambda': 6.177707024597214, 'min_child_samples': 18}. Best is trial 1 with value: 85.26288947801392.
[I 2025-12-04 21:01:35,872] Trial 11 finished with value: 88.02991906911295 and parameters: {'n_estimators': 369, 'learning_rate': 0.021806219563790207, 'num_leaves': 26, 'max_depth': 3, 'colsample_bytree': 0.6882336851367872, 'subsample': 0.8921333902378513, 'reg_alpha': 7.338107774007232, 'reg_lambda': 19.963574027905945, 'min_child_samples': 16}. Best is trial 1 with value: 85.26288947801392.
